This is XeTeX, Version 3.141592653-2.6-0.999997 (TeX Live 2025) (preloaded format=xelatex 2025.4.22)  24 APR 2025 16:41
entering extended mode
 restricted \write18 enabled.
 %&-line parsing enabled.
**Francis_Masters_Thesis.tex
(./Francis_Masters_Thesis.tex
LaTeX2e <2024-11-01> patch level 2
L3 programming layer <2025-03-26>
(c:/Users/fordefr/AppData/Roaming/TinyTeX/texmf-dist/tex/latex/apa7/apa7.cls
Document Class: apa7 2022/07/25 v2.16 APA formatting (7th edition)
(c:/Users/fordefr/AppData/Roaming/TinyTeX/texmf-dist/tex/latex/base/article.cls
Document Class: article 2024/06/29 v1.4n Standard LaTeX document class
(c:/Users/fordefr/AppData/Roaming/TinyTeX/texmf-dist/tex/latex/base/size10.clo
File: size10.clo 2024/06/29 v1.4n Standard LaTeX file (size option)
)
\c@part=\count193
\c@section=\count194
\c@subsection=\count195
\c@subsubsection=\count196
\c@paragraph=\count197
\c@subparagraph=\count198
\c@figure=\count199
\c@table=\count266
\abovecaptionskip=\skip49
\belowcaptionskip=\skip50
\bibindent=\dimen146
) (c:/Users/fordefr/AppData/Roaming/TinyTeX/texmf-dist/tex/latex/etoolbox/etoolbox.sty
Package: etoolbox 2025/02/11 v2.5l e-TeX tools for LaTeX (JAW)
\etb@tempcnta=\count267
)
Class apa7 Info: No bibliography package was specified; defaulting to (but not loading) Biblatex on input line 218.
(c:/Users/fordefr/AppData/Roaming/TinyTeX/texmf-dist/tex/latex/base/fontenc.sty
Package: fontenc 2021/04/29 v2.0v Standard LaTeX package
LaTeX Font Info:    Trying to load font information for T1+lmr on input line 116.
(c:/Users/fordefr/AppData/Roaming/TinyTeX/texmf-dist/tex/latex/lm/t1lmr.fd
File: t1lmr.fd 2015/05/01 v1.6.1 Font defs for Latin Modern
)) (c:/Users/fordefr/AppData/Roaming/TinyTeX/texmf-dist/tex/latex/geometry/geometry.sty
Package: geometry 2020/01/02 v5.9 Page Geometry
(c:/Users/fordefr/AppData/Roaming/TinyTeX/texmf-dist/tex/latex/graphics/keyval.sty
Package: keyval 2022/05/29 v1.15 key=value parser (DPC)
\KV@toks@=\toks17
) (c:/Users/fordefr/AppData/Roaming/TinyTeX/texmf-dist/tex/generic/iftex/ifvtex.sty
Package: ifvtex 2019/10/25 v1.7 ifvtex legacy package. Use iftex instead.
(c:/Users/fordefr/AppData/Roaming/TinyTeX/texmf-dist/tex/generic/iftex/iftex.sty
Package: iftex 2024/12/12 v1.0g TeX engine tests
))
\Gm@cnth=\count268
\Gm@cntv=\count269
\c@Gm@tempcnt=\count270
\Gm@bindingoffset=\dimen147
\Gm@wd@mp=\dimen148
\Gm@odd@mp=\dimen149
\Gm@even@mp=\dimen150
\Gm@layoutwidth=\dimen151
\Gm@layoutheight=\dimen152
\Gm@layouthoffset=\dimen153
\Gm@layoutvoffset=\dimen154
\Gm@dimlist=\toks18
) (c:/Users/fordefr/AppData/Roaming/TinyTeX/texmf-dist/tex/latex/graphics/graphicx.sty
Package: graphicx 2021/09/16 v1.2d Enhanced LaTeX Graphics (DPC,SPQR)
(c:/Users/fordefr/AppData/Roaming/TinyTeX/texmf-dist/tex/latex/graphics/graphics.sty
Package: graphics 2024/08/06 v1.4g Standard LaTeX Graphics (DPC,SPQR)
(c:/Users/fordefr/AppData/Roaming/TinyTeX/texmf-dist/tex/latex/graphics/trig.sty
Package: trig 2023/12/02 v1.11 sin cos tan (DPC)
) (c:/Users/fordefr/AppData/Roaming/TinyTeX/texmf-dist/tex/latex/graphics-cfg/graphics.cfg
File: graphics.cfg 2016/06/04 v1.11 sample graphics configuration
)
Package graphics Info: Driver file: xetex.def on input line 106.
(c:/Users/fordefr/AppData/Roaming/TinyTeX/texmf-dist/tex/latex/graphics-def/xetex.def
File: xetex.def 2022/09/22 v5.0n Graphics/color driver for xetex
))
\Gin@req@height=\dimen155
\Gin@req@width=\dimen156
) (c:/Users/fordefr/AppData/Roaming/TinyTeX/texmf-dist/tex/latex/scalerel/scalerel.sty
Package: scalerel 2016/12/29 v1.8 Routines for constrained scaling and stretching of objects, relative to a reference object or in absolute terms
(c:/Users/fordefr/AppData/Roaming/TinyTeX/texmf-dist/tex/latex/tools/calc.sty
Package: calc 2023/07/08 v4.3 Infix arithmetic (KKT,FJ)
\calc@Acount=\count271
\calc@Bcount=\count272
\calc@Adimen=\dimen157
\calc@Bdimen=\dimen158
\calc@Askip=\skip51
\calc@Bskip=\skip52
LaTeX Info: Redefining \setlength on input line 80.
LaTeX Info: Redefining \addtolength on input line 81.
\calc@Ccount=\count273
\calc@Cskip=\skip53
)
\thesrwidth=\skip54
\thesrheight=\skip55
\srblobheight=\skip56
\srblobdepth=\skip57
\mnxsrwidth=\skip58
\LMex=\skip59
\LMpt=\skip60
) (c:/Users/fordefr/AppData/Roaming/TinyTeX/texmf-dist/tex/latex/pgf/frontendlayer/tikz.sty (c:/Users/fordefr/AppData/Roaming/TinyTeX/texmf-dist/tex/latex/pgf/basiclayer/pgf.sty (c:/Users/fordefr/AppData/Roaming/TinyTeX/texmf-dist/tex/latex/pgf/utilities/pgfrcs.sty (c:/Users/fordefr/AppData/Roaming/TinyTeX/texmf-dist/tex/generic/pgf/utilities/pgfutil-common.tex
\pgfutil@everybye=\toks19
\pgfutil@tempdima=\dimen159
\pgfutil@tempdimb=\dimen160
) (c:/Users/fordefr/AppData/Roaming/TinyTeX/texmf-dist/tex/generic/pgf/utilities/pgfutil-latex.def
\pgfutil@abb=\box53
) (c:/Users/fordefr/AppData/Roaming/TinyTeX/texmf-dist/tex/generic/pgf/utilities/pgfrcs.code.tex (c:/Users/fordefr/AppData/Roaming/TinyTeX/texmf-dist/tex/generic/pgf/pgf.revision.tex)
Package: pgfrcs 2023-01-15 v3.1.10 (3.1.10)
))
Package: pgf 2023-01-15 v3.1.10 (3.1.10)
(c:/Users/fordefr/AppData/Roaming/TinyTeX/texmf-dist/tex/latex/pgf/basiclayer/pgfcore.sty (c:/Users/fordefr/AppData/Roaming/TinyTeX/texmf-dist/tex/latex/pgf/systemlayer/pgfsys.sty (c:/Users/fordefr/AppData/Roaming/TinyTeX/texmf-dist/tex/generic/pgf/systemlayer/pgfsys.code.tex
Package: pgfsys 2023-01-15 v3.1.10 (3.1.10)
(c:/Users/fordefr/AppData/Roaming/TinyTeX/texmf-dist/tex/generic/pgf/utilities/pgfkeys.code.tex
\pgfkeys@pathtoks=\toks20
\pgfkeys@temptoks=\toks21
(c:/Users/fordefr/AppData/Roaming/TinyTeX/texmf-dist/tex/generic/pgf/utilities/pgfkeyslibraryfiltered.code.tex
\pgfkeys@tmptoks=\toks22
))
\pgf@x=\dimen161
\pgf@y=\dimen162
\pgf@xa=\dimen163
\pgf@ya=\dimen164
\pgf@xb=\dimen165
\pgf@yb=\dimen166
\pgf@xc=\dimen167
\pgf@yc=\dimen168
\pgf@xd=\dimen169
\pgf@yd=\dimen170
\w@pgf@writea=\write3
\r@pgf@reada=\read2
\c@pgf@counta=\count274
\c@pgf@countb=\count275
\c@pgf@countc=\count276
\c@pgf@countd=\count277
\t@pgf@toka=\toks23
\t@pgf@tokb=\toks24
\t@pgf@tokc=\toks25
\pgf@sys@id@count=\count278
(c:/Users/fordefr/AppData/Roaming/TinyTeX/texmf-dist/tex/generic/pgf/systemlayer/pgf.cfg
File: pgf.cfg 2023-01-15 v3.1.10 (3.1.10)
)
Driver file for pgf: pgfsys-xetex.def
(c:/Users/fordefr/AppData/Roaming/TinyTeX/texmf-dist/tex/generic/pgf/systemlayer/pgfsys-xetex.def
File: pgfsys-xetex.def 2023-01-15 v3.1.10 (3.1.10)
(c:/Users/fordefr/AppData/Roaming/TinyTeX/texmf-dist/tex/generic/pgf/systemlayer/pgfsys-dvipdfmx.def
File: pgfsys-dvipdfmx.def 2023-01-15 v3.1.10 (3.1.10)
(c:/Users/fordefr/AppData/Roaming/TinyTeX/texmf-dist/tex/generic/pgf/systemlayer/pgfsys-common-pdf.def
File: pgfsys-common-pdf.def 2023-01-15 v3.1.10 (3.1.10)
)
\pgfsys@objnum=\count279
))) (c:/Users/fordefr/AppData/Roaming/TinyTeX/texmf-dist/tex/generic/pgf/systemlayer/pgfsyssoftpath.code.tex
File: pgfsyssoftpath.code.tex 2023-01-15 v3.1.10 (3.1.10)
\pgfsyssoftpath@smallbuffer@items=\count280
\pgfsyssoftpath@bigbuffer@items=\count281
) (c:/Users/fordefr/AppData/Roaming/TinyTeX/texmf-dist/tex/generic/pgf/systemlayer/pgfsysprotocol.code.tex
File: pgfsysprotocol.code.tex 2023-01-15 v3.1.10 (3.1.10)
)) (c:/Users/fordefr/AppData/Roaming/TinyTeX/texmf-dist/tex/latex/xcolor/xcolor.sty
Package: xcolor 2024/09/29 v3.02 LaTeX color extensions (UK)
(c:/Users/fordefr/AppData/Roaming/TinyTeX/texmf-dist/tex/latex/graphics-cfg/color.cfg
File: color.cfg 2016/01/02 v1.6 sample color configuration
)
Package xcolor Info: Driver file: xetex.def on input line 274.
(c:/Users/fordefr/AppData/Roaming/TinyTeX/texmf-dist/tex/latex/graphics/mathcolor.ltx)
Package xcolor Info: Model `cmy' substituted by `cmy0' on input line 1349.
Package xcolor Info: Model `RGB' extended on input line 1365.
Package xcolor Info: Model `HTML' substituted by `rgb' on input line 1367.
Package xcolor Info: Model `Hsb' substituted by `hsb' on input line 1368.
Package xcolor Info: Model `tHsb' substituted by `hsb' on input line 1369.
Package xcolor Info: Model `HSB' substituted by `hsb' on input line 1370.
Package xcolor Info: Model `Gray' substituted by `gray' on input line 1371.
Package xcolor Info: Model `wave' substituted by `hsb' on input line 1372.
) (c:/Users/fordefr/AppData/Roaming/TinyTeX/texmf-dist/tex/generic/pgf/basiclayer/pgfcore.code.tex
Package: pgfcore 2023-01-15 v3.1.10 (3.1.10)
(c:/Users/fordefr/AppData/Roaming/TinyTeX/texmf-dist/tex/generic/pgf/math/pgfmath.code.tex (c:/Users/fordefr/AppData/Roaming/TinyTeX/texmf-dist/tex/generic/pgf/math/pgfmathutil.code.tex) (c:/Users/fordefr/AppData/Roaming/TinyTeX/texmf-dist/tex/generic/pgf/math/pgfmathparser.code.tex
\pgfmath@dimen=\dimen171
\pgfmath@count=\count282
\pgfmath@box=\box54
\pgfmath@toks=\toks26
\pgfmath@stack@operand=\toks27
\pgfmath@stack@operation=\toks28
) (c:/Users/fordefr/AppData/Roaming/TinyTeX/texmf-dist/tex/generic/pgf/math/pgfmathfunctions.code.tex) (c:/Users/fordefr/AppData/Roaming/TinyTeX/texmf-dist/tex/generic/pgf/math/pgfmathfunctions.basic.code.tex) (c:/Users/fordefr/AppData/Roaming/TinyTeX/texmf-dist/tex/generic/pgf/math/pgfmathfunctions.trigonometric.code.tex) (c:/Users/fordefr/AppData/Roaming/TinyTeX/texmf-dist/tex/generic/pgf/math/pgfmathfunctions.random.code.tex) (c:/Users/fordefr/AppData/Roaming/TinyTeX/texmf-dist/tex/generic/pgf/math/pgfmathfunctions.comparison.code.tex) (c:/Users/fordefr/AppData/Roaming/TinyTeX/texmf-dist/tex/generic/pgf/math/pgfmathfunctions.base.code.tex) (c:/Users/fordefr/AppData/Roaming/TinyTeX/texmf-dist/tex/generic/pgf/math/pgfmathfunctions.round.code.tex) (c:/Users/fordefr/AppData/Roaming/TinyTeX/texmf-dist/tex/generic/pgf/math/pgfmathfunctions.misc.code.tex) (c:/Users/fordefr/AppData/Roaming/TinyTeX/texmf-dist/tex/generic/pgf/math/pgfmathfunctions.integerarithmetics.code.tex) (c:/Users/fordefr/AppData/Roaming/TinyTeX/texmf-dist/tex/generic/pgf/math/pgfmathcalc.code.tex) (c:/Users/fordefr/AppData/Roaming/TinyTeX/texmf-dist/tex/generic/pgf/math/pgfmathfloat.code.tex
\c@pgfmathroundto@lastzeros=\count283
)) (c:/Users/fordefr/AppData/Roaming/TinyTeX/texmf-dist/tex/generic/pgf/math/pgfint.code.tex) (c:/Users/fordefr/AppData/Roaming/TinyTeX/texmf-dist/tex/generic/pgf/basiclayer/pgfcorepoints.code.tex
File: pgfcorepoints.code.tex 2023-01-15 v3.1.10 (3.1.10)
\pgf@picminx=\dimen172
\pgf@picmaxx=\dimen173
\pgf@picminy=\dimen174
\pgf@picmaxy=\dimen175
\pgf@pathminx=\dimen176
\pgf@pathmaxx=\dimen177
\pgf@pathminy=\dimen178
\pgf@pathmaxy=\dimen179
\pgf@xx=\dimen180
\pgf@xy=\dimen181
\pgf@yx=\dimen182
\pgf@yy=\dimen183
\pgf@zx=\dimen184
\pgf@zy=\dimen185
) (c:/Users/fordefr/AppData/Roaming/TinyTeX/texmf-dist/tex/generic/pgf/basiclayer/pgfcorepathconstruct.code.tex
File: pgfcorepathconstruct.code.tex 2023-01-15 v3.1.10 (3.1.10)
\pgf@path@lastx=\dimen186
\pgf@path@lasty=\dimen187
) (c:/Users/fordefr/AppData/Roaming/TinyTeX/texmf-dist/tex/generic/pgf/basiclayer/pgfcorepathusage.code.tex
File: pgfcorepathusage.code.tex 2023-01-15 v3.1.10 (3.1.10)
\pgf@shorten@end@additional=\dimen188
\pgf@shorten@start@additional=\dimen189
) (c:/Users/fordefr/AppData/Roaming/TinyTeX/texmf-dist/tex/generic/pgf/basiclayer/pgfcorescopes.code.tex
File: pgfcorescopes.code.tex 2023-01-15 v3.1.10 (3.1.10)
\pgfpic=\box55
\pgf@hbox=\box56
\pgf@layerbox@main=\box57
\pgf@picture@serial@count=\count284
) (c:/Users/fordefr/AppData/Roaming/TinyTeX/texmf-dist/tex/generic/pgf/basiclayer/pgfcoregraphicstate.code.tex
File: pgfcoregraphicstate.code.tex 2023-01-15 v3.1.10 (3.1.10)
\pgflinewidth=\dimen190
) (c:/Users/fordefr/AppData/Roaming/TinyTeX/texmf-dist/tex/generic/pgf/basiclayer/pgfcoretransformations.code.tex
File: pgfcoretransformations.code.tex 2023-01-15 v3.1.10 (3.1.10)
\pgf@pt@x=\dimen191
\pgf@pt@y=\dimen192
\pgf@pt@temp=\dimen193
) (c:/Users/fordefr/AppData/Roaming/TinyTeX/texmf-dist/tex/generic/pgf/basiclayer/pgfcorequick.code.tex
File: pgfcorequick.code.tex 2023-01-15 v3.1.10 (3.1.10)
) (c:/Users/fordefr/AppData/Roaming/TinyTeX/texmf-dist/tex/generic/pgf/basiclayer/pgfcoreobjects.code.tex
File: pgfcoreobjects.code.tex 2023-01-15 v3.1.10 (3.1.10)
) (c:/Users/fordefr/AppData/Roaming/TinyTeX/texmf-dist/tex/generic/pgf/basiclayer/pgfcorepathprocessing.code.tex
File: pgfcorepathprocessing.code.tex 2023-01-15 v3.1.10 (3.1.10)
) (c:/Users/fordefr/AppData/Roaming/TinyTeX/texmf-dist/tex/generic/pgf/basiclayer/pgfcorearrows.code.tex
File: pgfcorearrows.code.tex 2023-01-15 v3.1.10 (3.1.10)
\pgfarrowsep=\dimen194
) (c:/Users/fordefr/AppData/Roaming/TinyTeX/texmf-dist/tex/generic/pgf/basiclayer/pgfcoreshade.code.tex
File: pgfcoreshade.code.tex 2023-01-15 v3.1.10 (3.1.10)
\pgf@max=\dimen195
\pgf@sys@shading@range@num=\count285
\pgf@shadingcount=\count286
) (c:/Users/fordefr/AppData/Roaming/TinyTeX/texmf-dist/tex/generic/pgf/basiclayer/pgfcoreimage.code.tex
File: pgfcoreimage.code.tex 2023-01-15 v3.1.10 (3.1.10)
) (c:/Users/fordefr/AppData/Roaming/TinyTeX/texmf-dist/tex/generic/pgf/basiclayer/pgfcoreexternal.code.tex
File: pgfcoreexternal.code.tex 2023-01-15 v3.1.10 (3.1.10)
\pgfexternal@startupbox=\box58
) (c:/Users/fordefr/AppData/Roaming/TinyTeX/texmf-dist/tex/generic/pgf/basiclayer/pgfcorelayers.code.tex
File: pgfcorelayers.code.tex 2023-01-15 v3.1.10 (3.1.10)
) (c:/Users/fordefr/AppData/Roaming/TinyTeX/texmf-dist/tex/generic/pgf/basiclayer/pgfcoretransparency.code.tex
File: pgfcoretransparency.code.tex 2023-01-15 v3.1.10 (3.1.10)
) (c:/Users/fordefr/AppData/Roaming/TinyTeX/texmf-dist/tex/generic/pgf/basiclayer/pgfcorepatterns.code.tex
File: pgfcorepatterns.code.tex 2023-01-15 v3.1.10 (3.1.10)
) (c:/Users/fordefr/AppData/Roaming/TinyTeX/texmf-dist/tex/generic/pgf/basiclayer/pgfcorerdf.code.tex
File: pgfcorerdf.code.tex 2023-01-15 v3.1.10 (3.1.10)
))) (c:/Users/fordefr/AppData/Roaming/TinyTeX/texmf-dist/tex/generic/pgf/modules/pgfmoduleshapes.code.tex
File: pgfmoduleshapes.code.tex 2023-01-15 v3.1.10 (3.1.10)
\pgfnodeparttextbox=\box59
) (c:/Users/fordefr/AppData/Roaming/TinyTeX/texmf-dist/tex/generic/pgf/modules/pgfmoduleplot.code.tex
File: pgfmoduleplot.code.tex 2023-01-15 v3.1.10 (3.1.10)
) (c:/Users/fordefr/AppData/Roaming/TinyTeX/texmf-dist/tex/latex/pgf/compatibility/pgfcomp-version-0-65.sty
Package: pgfcomp-version-0-65 2023-01-15 v3.1.10 (3.1.10)
\pgf@nodesepstart=\dimen196
\pgf@nodesepend=\dimen197
) (c:/Users/fordefr/AppData/Roaming/TinyTeX/texmf-dist/tex/latex/pgf/compatibility/pgfcomp-version-1-18.sty
Package: pgfcomp-version-1-18 2023-01-15 v3.1.10 (3.1.10)
)) (c:/Users/fordefr/AppData/Roaming/TinyTeX/texmf-dist/tex/latex/pgf/utilities/pgffor.sty (c:/Users/fordefr/AppData/Roaming/TinyTeX/texmf-dist/tex/latex/pgf/utilities/pgfkeys.sty (c:/Users/fordefr/AppData/Roaming/TinyTeX/texmf-dist/tex/generic/pgf/utilities/pgfkeys.code.tex)) (c:/Users/fordefr/AppData/Roaming/TinyTeX/texmf-dist/tex/latex/pgf/math/pgfmath.sty (c:/Users/fordefr/AppData/Roaming/TinyTeX/texmf-dist/tex/generic/pgf/math/pgfmath.code.tex)) (c:/Users/fordefr/AppData/Roaming/TinyTeX/texmf-dist/tex/generic/pgf/utilities/pgffor.code.tex
Package: pgffor 2023-01-15 v3.1.10 (3.1.10)
\pgffor@iter=\dimen198
\pgffor@skip=\dimen199
\pgffor@stack=\toks29
\pgffor@toks=\toks30
)) (c:/Users/fordefr/AppData/Roaming/TinyTeX/texmf-dist/tex/generic/pgf/frontendlayer/tikz/tikz.code.tex
Package: tikz 2023-01-15 v3.1.10 (3.1.10)
(c:/Users/fordefr/AppData/Roaming/TinyTeX/texmf-dist/tex/generic/pgf/libraries/pgflibraryplothandlers.code.tex
File: pgflibraryplothandlers.code.tex 2023-01-15 v3.1.10 (3.1.10)
\pgf@plot@mark@count=\count287
\pgfplotmarksize=\dimen256
)
\tikz@lastx=\dimen257
\tikz@lasty=\dimen258
\tikz@lastxsaved=\dimen259
\tikz@lastysaved=\dimen260
\tikz@lastmovetox=\dimen261
\tikz@lastmovetoy=\dimen262
\tikzleveldistance=\dimen263
\tikzsiblingdistance=\dimen264
\tikz@figbox=\box60
\tikz@figbox@bg=\box61
\tikz@tempbox=\box62
\tikz@tempbox@bg=\box63
\tikztreelevel=\count288
\tikznumberofchildren=\count289
\tikznumberofcurrentchild=\count290
\tikz@fig@count=\count291
(c:/Users/fordefr/AppData/Roaming/TinyTeX/texmf-dist/tex/generic/pgf/modules/pgfmodulematrix.code.tex
File: pgfmodulematrix.code.tex 2023-01-15 v3.1.10 (3.1.10)
\pgfmatrixcurrentrow=\count292
\pgfmatrixcurrentcolumn=\count293
\pgf@matrix@numberofcolumns=\count294
)
\tikz@expandcount=\count295
(c:/Users/fordefr/AppData/Roaming/TinyTeX/texmf-dist/tex/generic/pgf/frontendlayer/tikz/libraries/tikzlibrarytopaths.code.tex
File: tikzlibrarytopaths.code.tex 2023-01-15 v3.1.10 (3.1.10)
))) (c:/Users/fordefr/AppData/Roaming/TinyTeX/texmf-dist/tex/latex/hyperref/hyperref.sty
Package: hyperref 2024-11-05 v7.01l Hypertext links for LaTeX
(c:/Users/fordefr/AppData/Roaming/TinyTeX/texmf-dist/tex/latex/kvsetkeys/kvsetkeys.sty
Package: kvsetkeys 2022-10-05 v1.19 Key value parser (HO)
) (c:/Users/fordefr/AppData/Roaming/TinyTeX/texmf-dist/tex/generic/kvdefinekeys/kvdefinekeys.sty
Package: kvdefinekeys 2019-12-19 v1.6 Define keys (HO)
) (c:/Users/fordefr/AppData/Roaming/TinyTeX/texmf-dist/tex/generic/pdfescape/pdfescape.sty
Package: pdfescape 2019/12/09 v1.15 Implements pdfTeX's escape features (HO)
(c:/Users/fordefr/AppData/Roaming/TinyTeX/texmf-dist/tex/generic/ltxcmds/ltxcmds.sty
Package: ltxcmds 2023-12-04 v1.26 LaTeX kernel commands for general use (HO)
) (c:/Users/fordefr/AppData/Roaming/TinyTeX/texmf-dist/tex/generic/pdftexcmds/pdftexcmds.sty
Package: pdftexcmds 2020-06-27 v0.33 Utility functions of pdfTeX for LuaTeX (HO)
(c:/Users/fordefr/AppData/Roaming/TinyTeX/texmf-dist/tex/generic/infwarerr/infwarerr.sty
Package: infwarerr 2019/12/03 v1.5 Providing info/warning/error messages (HO)
)
Package pdftexcmds Info: \pdf@primitive is available.
Package pdftexcmds Info: \pdf@ifprimitive is available.
Package pdftexcmds Info: \pdfdraftmode not found.
)) (c:/Users/fordefr/AppData/Roaming/TinyTeX/texmf-dist/tex/latex/hycolor/hycolor.sty
Package: hycolor 2020-01-27 v1.10 Color options for hyperref/bookmark (HO)
) (c:/Users/fordefr/AppData/Roaming/TinyTeX/texmf-dist/tex/latex/hyperref/nameref.sty
Package: nameref 2023-11-26 v2.56 Cross-referencing by name of section
(c:/Users/fordefr/AppData/Roaming/TinyTeX/texmf-dist/tex/latex/refcount/refcount.sty
Package: refcount 2019/12/15 v3.6 Data extraction from label references (HO)
) (c:/Users/fordefr/AppData/Roaming/TinyTeX/texmf-dist/tex/generic/gettitlestring/gettitlestring.sty
Package: gettitlestring 2019/12/15 v1.6 Cleanup title references (HO)
(c:/Users/fordefr/AppData/Roaming/TinyTeX/texmf-dist/tex/latex/kvoptions/kvoptions.sty
Package: kvoptions 2022-06-15 v3.15 Key value format for package options (HO)
))
\c@section@level=\count296
) (c:/Users/fordefr/AppData/Roaming/TinyTeX/texmf-dist/tex/generic/stringenc/stringenc.sty
Package: stringenc 2019/11/29 v1.12 Convert strings between diff. encodings (HO)
)
\@linkdim=\dimen265
\Hy@linkcounter=\count297
\Hy@pagecounter=\count298
(c:/Users/fordefr/AppData/Roaming/TinyTeX/texmf-dist/tex/latex/hyperref/pd1enc.def
File: pd1enc.def 2024-11-05 v7.01l Hyperref: PDFDocEncoding definition (HO)
) (c:/Users/fordefr/AppData/Roaming/TinyTeX/texmf-dist/tex/generic/intcalc/intcalc.sty
Package: intcalc 2019/12/15 v1.3 Expandable calculations with integers (HO)
)
\Hy@SavedSpaceFactor=\count299
(c:/Users/fordefr/AppData/Roaming/TinyTeX/texmf-dist/tex/latex/hyperref/puenc.def
File: puenc.def 2024-11-05 v7.01l Hyperref: PDF Unicode definition (HO)
)
Package hyperref Info: Option `colorlinks' set `true' on input line 4040.
Package hyperref Info: Hyper figures OFF on input line 4157.
Package hyperref Info: Link nesting OFF on input line 4162.
Package hyperref Info: Hyper index ON on input line 4165.
Package hyperref Info: Plain pages OFF on input line 4172.
Package hyperref Info: Backreferencing OFF on input line 4177.
Package hyperref Info: Implicit mode ON; LaTeX internals redefined.
Package hyperref Info: Bookmarks ON on input line 4424.
\c@Hy@tempcnt=\count300
(c:/Users/fordefr/AppData/Roaming/TinyTeX/texmf-dist/tex/latex/url/url.sty
\Urlmuskip=\muskip17
Package: url 2013/09/16  ver 3.4  Verb mode for urls, etc.
)
LaTeX Info: Redefining \url on input line 4763.
\XeTeXLinkMargin=\dimen266
(c:/Users/fordefr/AppData/Roaming/TinyTeX/texmf-dist/tex/generic/bitset/bitset.sty
Package: bitset 2019/12/09 v1.3 Handle bit-vector datatype (HO)
(c:/Users/fordefr/AppData/Roaming/TinyTeX/texmf-dist/tex/generic/bigintcalc/bigintcalc.sty
Package: bigintcalc 2019/12/15 v1.5 Expandable calculations on big integers (HO)
))
\Fld@menulength=\count301
\Field@Width=\dimen267
\Fld@charsize=\dimen268
Package hyperref Info: Hyper figures OFF on input line 6042.
Package hyperref Info: Link nesting OFF on input line 6047.
Package hyperref Info: Hyper index ON on input line 6050.
Package hyperref Info: backreferencing OFF on input line 6057.
Package hyperref Info: Link coloring ON on input line 6060.
Package hyperref Info: Link coloring with OCG OFF on input line 6067.
Package hyperref Info: PDF/A mode OFF on input line 6072.
(c:/Users/fordefr/AppData/Roaming/TinyTeX/texmf-dist/tex/latex/base/atbegshi-ltx.sty
Package: atbegshi-ltx 2021/01/10 v1.0c Emulation of the original atbegshi
package with kernel methods
)
\Hy@abspage=\count302
\c@Item=\count303
\c@Hfootnote=\count304
)
Package hyperref Info: Driver (autodetected): hxetex.
(c:/Users/fordefr/AppData/Roaming/TinyTeX/texmf-dist/tex/latex/hyperref/hxetex.def
File: hxetex.def 2024-11-05 v7.01l Hyperref driver for XeTeX
\pdfm@box=\box64
\c@Hy@AnnotLevel=\count305
\HyField@AnnotCount=\count306
\Fld@listcount=\count307
\c@bookmark@seq@number=\count308
(c:/Users/fordefr/AppData/Roaming/TinyTeX/texmf-dist/tex/latex/rerunfilecheck/rerunfilecheck.sty
Package: rerunfilecheck 2022-07-10 v1.10 Rerun checks for auxiliary files (HO)
(c:/Users/fordefr/AppData/Roaming/TinyTeX/texmf-dist/tex/latex/base/atveryend-ltx.sty
Package: atveryend-ltx 2020/08/19 v1.0a Emulation of the original atveryend package
with kernel methods
) (c:/Users/fordefr/AppData/Roaming/TinyTeX/texmf-dist/tex/generic/uniquecounter/uniquecounter.sty
Package: uniquecounter 2019/12/15 v1.4 Provide unlimited unique counter (HO)
)
Package uniquecounter Info: New unique counter `rerunfilecheck' on input line 285.
)
\Hy@SectionHShift=\skip61
) (c:/Users/fordefr/AppData/Roaming/TinyTeX/texmf-dist/tex/generic/pgf/frontendlayer/tikz/libraries/tikzlibrarysvg.path.code.tex
File: tikzlibrarysvg.path.code.tex 2023-01-15 v3.1.10 (3.1.10)
(c:/Users/fordefr/AppData/Roaming/TinyTeX/texmf-dist/tex/generic/pgf/libraries/pgflibrarysvg.path.code.tex
File: pgflibrarysvg.path.code.tex 2023-01-15 v3.1.10 (3.1.10)
(c:/Users/fordefr/AppData/Roaming/TinyTeX/texmf-dist/tex/generic/pgf/modules/pgfmoduleparser.code.tex
File: pgfmoduleparser.code.tex 2023-01-15 v3.1.10 (3.1.10)
\pgfparserdef@arg@count=\count309
)
\pgf@lib@svg@last@x=\dimen269
\pgf@lib@svg@last@y=\dimen270
\pgf@lib@svg@last@c@x=\dimen271
\pgf@lib@svg@last@c@y=\dimen272
\pgf@lib@svg@count=\count310
\pgf@lib@svg@max@num=\count311
)) (c:/Users/fordefr/AppData/Roaming/TinyTeX/texmf-dist/tex/latex/booktabs/booktabs.sty
Package: booktabs 2020/01/12 v1.61803398 Publication quality tables
\heavyrulewidth=\dimen273
\lightrulewidth=\dimen274
\cmidrulewidth=\dimen275
\belowrulesep=\dimen276
\belowbottomsep=\dimen277
\aboverulesep=\dimen278
\abovetopsep=\dimen279
\cmidrulesep=\dimen280
\cmidrulekern=\dimen281
\defaultaddspace=\dimen282
\@cmidla=\count312
\@cmidlb=\count313
\@aboverulesep=\dimen283
\@belowrulesep=\dimen284
\@thisruleclass=\count314
\@lastruleclass=\count315
\@thisrulewidth=\dimen285
) (c:/Users/fordefr/AppData/Roaming/TinyTeX/texmf-dist/tex/latex/threeparttable/threeparttable.sty
Package: threeparttable 2003/06/13  v 3.0
\@tempboxb=\box65
)
\b@level@one@skip=\skip62
\e@level@one@skip=\skip63
\b@level@two@skip=\skip64
\e@level@two@skip=\skip65
\b@level@three@skip=\skip66
\e@level@three@skip=\skip67
\b@level@four@skip=\skip68
\e@level@four@skip=\skip69
\b@level@five@skip=\skip70
\e@level@five@skip=\skip71
(c:/Users/fordefr/AppData/Roaming/TinyTeX/texmf-dist/tex/latex/caption/caption.sty
Package: caption 2023/08/05 v3.6o Customizing captions (AR)
(c:/Users/fordefr/AppData/Roaming/TinyTeX/texmf-dist/tex/latex/caption/caption3.sty
Package: caption3 2023/07/31 v2.4d caption3 kernel (AR)
\caption@tempdima=\dimen286
\captionmargin=\dimen287
\caption@leftmargin=\dimen288
\caption@rightmargin=\dimen289
\caption@width=\dimen290
\caption@indent=\dimen291
\caption@parindent=\dimen292
\caption@hangindent=\dimen293
Package caption Info: Standard document class detected.
)
\c@caption@flags=\count316
\c@continuedfloat=\count317
Package caption Info: hyperref package is loaded.
Package caption Info: threeparttable package is loaded.
)
\c@APAenum=\count318
\@text@par@indent=\skip72
\gr@box=\box66
\gr@boxwidth=\skip73
\gr@boxheight=\skip74
(c:/Users/fordefr/AppData/Roaming/TinyTeX/texmf-dist/tex/latex/tools/bm.sty
Package: bm 2023/12/19 v1.2f Bold Symbol Support (DPC/FMi)
\symboldoperators=\mathgroup4
\symboldletters=\mathgroup5
\symboldsymbols=\mathgroup6
Package bm Info: No bold for \OMX/cmex/m/n, using \pmb.
LaTeX Font Info:    Redeclaring math alphabet \mathbf on input line 149.
)
\c@appendix=\count319
(c:/Users/fordefr/AppData/Roaming/TinyTeX/texmf-dist/tex/latex/fancyhdr/fancyhdr.sty
Package: fancyhdr 2025/02/07 v5.2 Extensive control of page headers and footers
\f@nch@headwidth=\skip75
\f@nch@offset@elh=\skip76
\f@nch@offset@erh=\skip77
\f@nch@offset@olh=\skip78
\f@nch@offset@orh=\skip79
\f@nch@offset@elf=\skip80
\f@nch@offset@erf=\skip81
\f@nch@offset@olf=\skip82
\f@nch@offset@orf=\skip83
\f@nch@height=\skip84
\f@nch@footalignment=\skip85
\f@nch@widthL=\skip86
\f@nch@widthC=\skip87
\f@nch@widthR=\skip88
\@temptokenb=\toks31
) (c:/Users/fordefr/AppData/Roaming/TinyTeX/texmf-dist/tex/latex/sttools/flushend.sty
Package: flushend 2025/02/11 v4.2 Balancing columns in twocolumn mode (ST)
\flushend@@lastskip@a=\skip89
\flushend@@lastskip@b=\skip90
\flushend@@lastnode=\count320
\var@@loop@iter=\count321
\var@@temp@spread=\dimen294
\var@@temp@a=\dimen295
\var@@temp@loop=\dimen296
\flushend@@page@rule=\dimen297
\flushend@@varbox@lastpage=\box67
\flushend@@varbox@a=\box68
\flushend@@varbox@c=\box69
\flushend@@tempbox@a=\box70
\flushend@@tempbox@c=\box71
\flushend@@floatbox=\box72
\@viper=\box73
\hold@viper=\box74
\atColsBreak=\toks32
\atColsEnd=\toks33
\oldbreak@skip=\dimen298
) (c:/Users/fordefr/AppData/Roaming/TinyTeX/texmf-dist/tex/latex/tools/ftnright.sty
Package: ftnright 2023/07/08 v1.1f footnote layout package (FMi)
\rcol@footinsskip=\skip91
\ftn@amount=\dimen299
)) (c:/Users/fordefr/AppData/Roaming/TinyTeX/texmf-dist/tex/latex/amsmath/amsmath.sty
Package: amsmath 2024/11/05 v2.17t AMS math features
\@mathmargin=\skip92
For additional information on amsmath, use the `?' option.
(c:/Users/fordefr/AppData/Roaming/TinyTeX/texmf-dist/tex/latex/amsmath/amstext.sty
Package: amstext 2021/08/26 v2.01 AMS text
(c:/Users/fordefr/AppData/Roaming/TinyTeX/texmf-dist/tex/latex/amsmath/amsgen.sty
File: amsgen.sty 1999/11/30 v2.0 generic functions
\@emptytoks=\toks34
\ex@=\dimen300
)) (c:/Users/fordefr/AppData/Roaming/TinyTeX/texmf-dist/tex/latex/amsmath/amsbsy.sty
Package: amsbsy 1999/11/29 v1.2d Bold Symbols
LaTeX Info: Redefining \boldsymbol on input line 28.
\pmbraise@=\dimen301
) (c:/Users/fordefr/AppData/Roaming/TinyTeX/texmf-dist/tex/latex/amsmath/amsopn.sty
Package: amsopn 2022/04/08 v2.04 operator names
)
\inf@bad=\count322
LaTeX Info: Redefining \frac on input line 233.
\uproot@=\count323
\leftroot@=\count324
LaTeX Info: Redefining \overline on input line 398.
LaTeX Info: Redefining \colon on input line 409.
\classnum@=\count325
\DOTSCASE@=\count326
LaTeX Info: Redefining \ldots on input line 495.
LaTeX Info: Redefining \dots on input line 498.
LaTeX Info: Redefining \cdots on input line 619.
\Mathstrutbox@=\box75
\strutbox@=\box76
LaTeX Info: Redefining \big on input line 721.
LaTeX Info: Redefining \Big on input line 722.
LaTeX Info: Redefining \bigg on input line 723.
LaTeX Info: Redefining \Bigg on input line 724.
\big@size=\dimen302
LaTeX Font Info:    Redeclaring font encoding OML on input line 742.
LaTeX Font Info:    Redeclaring font encoding OMS on input line 743.
\macc@depth=\count327
LaTeX Info: Redefining \bmod on input line 904.
LaTeX Info: Redefining \pmod on input line 909.
LaTeX Info: Redefining \smash on input line 939.
LaTeX Info: Redefining \relbar on input line 969.
LaTeX Info: Redefining \Relbar on input line 970.
\c@MaxMatrixCols=\count328
\dotsspace@=\muskip18
\c@parentequation=\count329
\dspbrk@lvl=\count330
\tag@help=\toks35
\row@=\count331
\column@=\count332
\maxfields@=\count333
\andhelp@=\toks36
\eqnshift@=\dimen303
\alignsep@=\dimen304
\tagshift@=\dimen305
\tagwidth@=\dimen306
\totwidth@=\dimen307
\lineht@=\dimen308
\@envbody=\toks37
\multlinegap=\skip93
\multlinetaggap=\skip94
\mathdisplay@stack=\toks38
LaTeX Info: Redefining \[ on input line 2953.
LaTeX Info: Redefining \] on input line 2954.
) (c:/Users/fordefr/AppData/Roaming/TinyTeX/texmf-dist/tex/latex/amsfonts/amssymb.sty
Package: amssymb 2013/01/14 v3.01 AMS font symbols
(c:/Users/fordefr/AppData/Roaming/TinyTeX/texmf-dist/tex/latex/amsfonts/amsfonts.sty
Package: amsfonts 2013/01/14 v3.01 Basic AMSFonts support
\symAMSa=\mathgroup7
\symAMSb=\mathgroup8
LaTeX Font Info:    Redeclaring math symbol \hbar on input line 98.
LaTeX Font Info:    Overwriting math alphabet `\mathfrak' in version `bold'
(Font)                  U/euf/m/n --> U/euf/b/n on input line 106.
)) (c:/Users/fordefr/AppData/Roaming/TinyTeX/texmf-dist/tex/generic/babel/babel.sty
Package: babel 2025/04/14 v25.7 The multilingual framework for pdfLaTeX, LuaLaTeX and XeLaTeX
\babel@savecnt=\count334
\U@D=\dimen309
\l@unhyphenated=\language6
(c:/Users/fordefr/AppData/Roaming/TinyTeX/texmf-dist/tex/generic/babel/xebabel.def)
\bbl@readstream=\read3
\bbl@dirlevel=\count335
Package babel Info: You haven't specified a language as a class or package
(babel)             option. I'll load 'nil'. Reported on input line 4213.
(c:/Users/fordefr/AppData/Roaming/TinyTeX/texmf-dist/tex/generic/babel/nil.ldf
Language: nil 2025/04/14 v25.7 Nil language
\l@nil=\language7
)) (c:/Users/fordefr/AppData/Roaming/TinyTeX/texmf-dist/tex/generic/babel/locale/en/babel-english.tex)
Package babel Info: Importing data for english
(babel)             from babel-en.ini. Reported on input line 17.
(c:/Users/fordefr/AppData/Roaming/TinyTeX/texmf-dist/tex/latex/fontspec/fontspec.sty (c:/Users/fordefr/AppData/Roaming/TinyTeX/texmf-dist/tex/latex/l3packages/xparse/xparse.sty (c:/Users/fordefr/AppData/Roaming/TinyTeX/texmf-dist/tex/latex/l3kernel/expl3.sty
Package: expl3 2025-03-26 L3 programming layer (loader) 
(c:/Users/fordefr/AppData/Roaming/TinyTeX/texmf-dist/tex/latex/l3backend/l3backend-xetex.def
File: l3backend-xetex.def 2025-03-14 L3 backend support: XeTeX
\g__graphics_track_int=\count336
\g__pdfannot_backend_int=\count337
\g__pdfannot_backend_link_int=\count338
))
Package: xparse 2024-08-16 L3 Experimental document command parser
)
Package: fontspec 2024/05/11 v2.9e Font selection for XeLaTeX and LuaLaTeX
(c:/Users/fordefr/AppData/Roaming/TinyTeX/texmf-dist/tex/latex/fontspec/fontspec-xetex.sty
Package: fontspec-xetex 2024/05/11 v2.9e Font selection for XeLaTeX and LuaLaTeX
\l__fontspec_script_int=\count339
\l__fontspec_language_int=\count340
\l__fontspec_strnum_int=\count341
\l__fontspec_tmp_int=\count342
\l__fontspec_tmpa_int=\count343
\l__fontspec_tmpb_int=\count344
\l__fontspec_tmpc_int=\count345
\l__fontspec_em_int=\count346
\l__fontspec_emdef_int=\count347
\l__fontspec_strong_int=\count348
\l__fontspec_strongdef_int=\count349
\l__fontspec_tmpa_dim=\dimen310
\l__fontspec_tmpb_dim=\dimen311
\l__fontspec_tmpc_dim=\dimen312
(c:/Users/fordefr/AppData/Roaming/TinyTeX/texmf-dist/tex/latex/base/fontenc.sty
Package: fontenc 2021/04/29 v2.0v Standard LaTeX package
) (c:/Users/fordefr/AppData/Roaming/TinyTeX/texmf-dist/tex/latex/fontspec/fontspec.cfg)))

Package fontspec Info: 
(fontspec)             Language 'English' not explicitly supported within font
(fontspec)             'Times New Roman' with script 'Latin'. Check the
(fontspec)             typeset output, and if it is okay then ignore this
(fontspec)             warning. Otherwise a different font should be chosen.


Package fontspec Info: 
(fontspec)             Font family 'TimesNewRoman(0)' created for font 'Times
(fontspec)             New Roman' with options
(fontspec)             [Ligatures=TeX,Script=Latin,Language=English,RawFeature={fallback=mainfontfallback}].
(fontspec)              
(fontspec)              This font family consists of the following NFSS
(fontspec)             series/shapes:
(fontspec)              
(fontspec)             - 'normal' (m/n) with NFSS spec.: <->"Times New
(fontspec)             Roman/OT:script=latn;language=ENG;fallback=mainfontfallback;mapping=tex-text;"
(fontspec)             - 'small caps'  (m/sc) with NFSS spec.: <->"Times New
(fontspec)             Roman/OT:script=latn;language=ENG;fallback=mainfontfallback;+smcp;mapping=tex-text;"
(fontspec)             - 'bold' (b/n) with NFSS spec.: <->"Times New
(fontspec)             Roman/B/OT:script=latn;language=ENG;fallback=mainfontfallback;mapping=tex-text;"
(fontspec)             - 'bold small caps'  (b/sc) with NFSS spec.: <->"Times
(fontspec)             New
(fontspec)             Roman/B/OT:script=latn;language=ENG;fallback=mainfontfallback;+smcp;mapping=tex-text;"
(fontspec)             - 'italic' (m/it) with NFSS spec.: <->"Times New
(fontspec)             Roman/I/OT:script=latn;language=ENG;fallback=mainfontfallback;mapping=tex-text;"
(fontspec)             - 'italic small caps'  (m/scit) with NFSS spec.:
(fontspec)             <->"Times New
(fontspec)             Roman/I/OT:script=latn;language=ENG;fallback=mainfontfallback;+smcp;mapping=tex-text;"
(fontspec)             - 'bold italic' (b/it) with NFSS spec.: <->"Times New
(fontspec)             Roman/BI/OT:script=latn;language=ENG;fallback=mainfontfallback;mapping=tex-text;"
(fontspec)             - 'bold italic small caps'  (b/scit) with NFSS spec.:
(fontspec)             <->"Times New
(fontspec)             Roman/BI/OT:script=latn;language=ENG;fallback=mainfontfallback;+smcp;mapping=tex-text;"

Unknown feature `fallback=mainfontfallback' in font `Times New Roman'.
(c:/Users/fordefr/AppData/Roaming/TinyTeX/texmf-dist/tex/latex/tools/longtable.sty
Package: longtable 2024-10-27 v4.22 Multi-page Table package (DPC)
\LTleft=\skip95
\LTright=\skip96
\LTpre=\skip97
\LTpost=\skip98
\LTchunksize=\count350
\LTcapwidth=\dimen313
\LT@head=\box77
\LT@firsthead=\box78
\LT@foot=\box79
\LT@lastfoot=\box80
\LT@gbox=\box81
\LT@cols=\count351
\LT@rows=\count352
\c@LT@tables=\count353
\c@LT@chunks=\count354
\LT@p@ftn=\toks39
) (c:/Users/fordefr/AppData/Roaming/TinyTeX/texmf-dist/tex/latex/threeparttablex/threeparttablex.sty
Package: threeparttablex 2013/07/23 v0.3 by daleif
(c:/Users/fordefr/AppData/Roaming/TinyTeX/texmf-dist/tex/latex/environ/environ.sty
Package: environ 2014/05/04 v0.3 A new way to define environments
(c:/Users/fordefr/AppData/Roaming/TinyTeX/texmf-dist/tex/latex/trimspaces/trimspaces.sty
Package: trimspaces 2009/09/17 v1.1 Trim spaces around a token list
))
\TPTL@width=\skip99
) (c:/Users/fordefr/AppData/Roaming/TinyTeX/texmf-dist/tex/latex/multirow/multirow.sty
Package: multirow 2024/11/12 v2.9 Span multiple rows of a table
\multirow@colwidth=\skip100
\multirow@cntb=\count355
\multirow@dima=\skip101
\bigstrutjot=\dimen314
) (c:/Users/fordefr/AppData/Roaming/TinyTeX/texmf-dist/tex/latex/tools/multicol.sty
Package: multicol 2024/09/14 v1.9i multicolumn formatting (FMi)
\c@tracingmulticols=\count356
\mult@box=\box82
\multicol@leftmargin=\dimen315
\c@unbalance=\count357
\c@collectmore=\count358
\doublecol@number=\count359
\multicoltolerance=\count360
\multicolpretolerance=\count361
\full@width=\dimen316
\page@free=\dimen317
\premulticols=\dimen318
\postmulticols=\dimen319
\multicolsep=\skip102
\multicolbaselineskip=\skip103
\partial@page=\box83
\last@line=\box84
\mc@boxedresult=\box85
\maxbalancingoverflow=\dimen320
\mult@rightbox=\box86
\mult@grightbox=\box87
\mult@firstbox=\box88
\mult@gfirstbox=\box89
\@tempa=\box90
\@tempa=\box91
\@tempa=\box92
\@tempa=\box93
\@tempa=\box94
\@tempa=\box95
\@tempa=\box96
\@tempa=\box97
\@tempa=\box98
\@tempa=\box99
\@tempa=\box100
\@tempa=\box101
\@tempa=\box102
\@tempa=\box103
\@tempa=\box104
\@tempa=\box105
\@tempa=\box106
\@tempa=\box107
\@tempa=\box108
\@tempa=\box109
\@tempa=\box110
\@tempa=\box111
\@tempa=\box112
\@tempa=\box113
\@tempa=\box114
\@tempa=\box115
\@tempa=\box116
\@tempa=\box117
\@tempa=\box118
\@tempa=\box119
\@tempa=\box120
\@tempa=\box121
\@tempa=\box122
\@tempa=\box123
\@tempa=\box124
\@tempa=\box125
\c@minrows=\count362
\c@columnbadness=\count363
\c@finalcolumnbadness=\count364
\last@try=\dimen321
\multicolovershoot=\dimen322
\multicolundershoot=\dimen323
\mult@nat@firstbox=\box126
\colbreak@box=\box127
\mc@col@check@num=\count365
) (c:/Users/fordefr/AppData/Roaming/TinyTeX/texmf-dist/tex/latex/colortbl/colortbl.sty
Package: colortbl 2024/07/06 v1.0i Color table columns (DPC)
(c:/Users/fordefr/AppData/Roaming/TinyTeX/texmf-dist/tex/latex/tools/array.sty
Package: array 2024/10/17 v2.6g Tabular extension package (FMi)
\col@sep=\dimen324
\ar@mcellbox=\box128
\extrarowheight=\dimen325
\NC@list=\toks40
\extratabsurround=\skip104
\backup@length=\skip105
\ar@cellbox=\box129
)
\everycr=\toks41
\minrowclearance=\skip106
\rownum=\count366
) (c:/Users/fordefr/AppData/Roaming/TinyTeX/texmf-dist/tex/latex/tools/hhline.sty
Package: hhline 2020/01/04 v2.04 Table rule package (DPC)
) (c:/Users/fordefr/AppData/Roaming/TinyTeX/texmf-dist/tex/latex/float/float.sty
Package: float 2001/11/08 v1.3d Float enhancements (AL)
\c@float@type=\count367
\float@exts=\toks42
\float@box=\box130
\@float@everytoks=\toks43
\@floatcapt=\box131
) (c:/Users/fordefr/AppData/Roaming/TinyTeX/texmf-dist/tex/latex/xpatch/xpatch.sty
Package: xpatch 2020/03/25 v0.3a Extending etoolbox patching commands
) (c:/Users/fordefr/AppData/Roaming/TinyTeX/texmf-dist/tex/latex/tcolorbox/tcolorbox.sty
Package: tcolorbox 2024/10/22 version 6.4.1 text color boxes
(c:/Users/fordefr/AppData/Roaming/TinyTeX/texmf-dist/tex/latex/tools/verbatim.sty
Package: verbatim 2024-01-22 v1.5x LaTeX2e package for verbatim enhancements
\every@verbatim=\toks44
\verbatim@line=\toks45
\verbatim@in@stream=\read4
)
\tcb@titlebox=\box132
\tcb@upperbox=\box133
\tcb@lowerbox=\box134
\tcb@phantombox=\box135
\c@tcbbreakpart=\count368
\c@tcblayer=\count369
\c@tcolorbox@number=\count370
\l__tcobox_tmpa_box=\box136
\l__tcobox_tmpa_dim=\dimen326
\tcb@temp=\box137
\tcb@temp=\box138
\tcb@temp=\box139
\tcb@temp=\box140
) (c:/Users/fordefr/AppData/Roaming/TinyTeX/texmf-dist/tex/latex/tcolorbox/tcblistings.code.tex
Library (tcolorbox): 'tcblistings.code.tex' version '6.4.1'
(c:/Users/fordefr/AppData/Roaming/TinyTeX/texmf-dist/tex/latex/listings/listings.sty
\lst@mode=\count371
\lst@gtempboxa=\box141
\lst@token=\toks46
\lst@length=\count372
\lst@currlwidth=\dimen327
\lst@column=\count373
\lst@pos=\count374
\lst@lostspace=\dimen328
\lst@width=\dimen329
\lst@newlines=\count375
\lst@lineno=\count376
\lst@maxwidth=\dimen330
(c:/Users/fordefr/AppData/Roaming/TinyTeX/texmf-dist/tex/latex/listings/lstpatch.sty
File: lstpatch.sty 2024/09/23 1.10c (Carsten Heinz)
) (c:/Users/fordefr/AppData/Roaming/TinyTeX/texmf-dist/tex/latex/listings/lstmisc.sty
File: lstmisc.sty 2024/09/23 1.10c (Carsten Heinz)
\c@lstnumber=\count377
\lst@skipnumbers=\count378
\lst@framebox=\box142
) (c:/Users/fordefr/AppData/Roaming/TinyTeX/texmf-dist/tex/latex/listings/listings.cfg
File: listings.cfg 2024/09/23 1.10c listings configuration
))
Package: listings 2024/09/23 1.10c (Carsten Heinz)
(c:/Users/fordefr/AppData/Roaming/TinyTeX/texmf-dist/tex/latex/tcolorbox/tcblistingscore.code.tex
Library (tcolorbox): 'tcblistingscore.code.tex' version '6.4.1'
(c:/Users/fordefr/AppData/Roaming/TinyTeX/texmf-dist/tex/latex/tcolorbox/tcbprocessing.code.tex
Library (tcolorbox): 'tcbprocessing.code.tex' version '6.4.1'
)
\c@tcblisting=\count379
)) (c:/Users/fordefr/AppData/Roaming/TinyTeX/texmf-dist/tex/latex/tcolorbox/tcbtheorems.code.tex
Library (tcolorbox): 'tcbtheorems.code.tex' version '6.4.1'
) (c:/Users/fordefr/AppData/Roaming/TinyTeX/texmf-dist/tex/latex/tcolorbox/tcbbreakable.code.tex
Library (tcolorbox): 'tcbbreakable.code.tex' version '6.4.1'
(c:/Users/fordefr/AppData/Roaming/TinyTeX/texmf-dist/tex/latex/pdfcol/pdfcol.sty
Package: pdfcol 2022-09-21 v1.7 Handle new color stacks for pdfTeX (HO)
Package pdfcol Info: Interface disabled because of missing PDF mode of pdfTeX.
)
Package pdfcol Info: pdfTeX's color stacks are not available.
\tcb@testbox=\box143
\tcb@totalupperbox=\box144
\tcb@totallowerbox=\box145
) (c:/Users/fordefr/AppData/Roaming/TinyTeX/texmf-dist/tex/latex/tcolorbox/tcbskins.code.tex
Library (tcolorbox): 'tcbskins.code.tex' version '6.4.1'
(c:/Users/fordefr/AppData/Roaming/TinyTeX/texmf-dist/tex/latex/tikzfill/tikzfill.image.sty
Package: tikzfill.image 2023/08/08 v1.0.1 Image filling library for TikZ
(c:/Users/fordefr/AppData/Roaming/TinyTeX/texmf-dist/tex/latex/tikzfill/tikzfill-common.sty
Package: tikzfill-common 2023/08/08 v1.0.1 Auxiliary code for tikzfill
) (c:/Users/fordefr/AppData/Roaming/TinyTeX/texmf-dist/tex/latex/tikzfill/tikzlibraryfill.image.code.tex
File: tikzlibraryfill.image.code.tex 2023/08/08 v1.0.1 Image filling library
\l__tikzfill_img_box=\box146
)) (c:/Users/fordefr/AppData/Roaming/TinyTeX/texmf-dist/tex/latex/tcolorbox/tcbskinsjigsaw.code.tex
Library (tcolorbox): 'tcbskinsjigsaw.code.tex' version '6.4.1'
)) (c:/Users/fordefr/AppData/Roaming/TinyTeX/texmf-dist/tex/latex/fontawesome5/fontawesome5.sty
Package: fontawesome5 2022/05/02 v5.15.4 Font Awesome 5
(c:/Users/fordefr/AppData/Roaming/TinyTeX/texmf-dist/tex/latex/l3packages/l3keys2e/l3keys2e.sty
Package: l3keys2e 2024-08-16 LaTeX2e option processing using LaTeX3 keys
) (c:/Users/fordefr/AppData/Roaming/TinyTeX/texmf-dist/tex/latex/fontawesome5/fontawesome5-utex-helper.sty
Package: fontawesome5-utex-helper 2022/05/02 v5.15.4 uTeX helper for fontawesome5
LaTeX Font Info:    Trying to load font information for TU+fontawesomefree on input line 69.
(c:/Users/fordefr/AppData/Roaming/TinyTeX/texmf-dist/tex/latex/fontawesome5/tufontawesomefree.fd)
LaTeX Font Info:    Trying to load font information for TU+fontawesomebrands on input line 70.
(c:/Users/fordefr/AppData/Roaming/TinyTeX/texmf-dist/tex/latex/fontawesome5/tufontawesomebrands.fd))) (c:/Users/fordefr/AppData/Roaming/TinyTeX/texmf-dist/tex/latex/mdwtools/footnote.sty
Package: footnote 1997/01/28 1.13 Save footnotes around boxes
\fn@notes=\box147
\fn@width=\dimen331
)
\pandoc@box=\box148
\cslhangindent=\skip107
\csllabelwidth=\skip108

Package fontspec Info: 
(fontspec)             Times New Roman scale = 0.9999965884395865.


Package fontspec Info: 
(fontspec)             Times New Roman scale = 1.


Package fontspec Info: 
(fontspec)             Times New Roman scale = 0.9999965884395865.


Package fontspec Info: 
(fontspec)             Times New Roman scale = 1.


Package fontspec Info: 
(fontspec)             Times New Roman scale = 0.9999965884395865.


Package fontspec Info: 
(fontspec)             Times New Roman scale = 1.


Package fontspec Info: 
(fontspec)             Times New Roman/B scale = 0.9796758700672793.


Package fontspec Info: 
(fontspec)             Times New Roman/B scale = 1.


Package fontspec Info: 
(fontspec)             Times New Roman/B scale = 0.9796758700672793.


Package fontspec Info: 
(fontspec)             Times New Roman/B scale = 1.


Package fontspec Info: 
(fontspec)             Times New Roman/I scale = 1.039723894282441.


Package fontspec Info: 
(fontspec)             Times New Roman/I scale = 1.


Package fontspec Info: 
(fontspec)             Times New Roman/I scale = 1.039723894282441.


Package fontspec Info: 
(fontspec)             Times New Roman/I scale = 1.


Package fontspec Info: 
(fontspec)             Times New Roman/BI scale = 1.018906358084128.


Package fontspec Info: 
(fontspec)             Times New Roman/BI scale = 1.


Package fontspec Info: 
(fontspec)             Times New Roman/BI scale = 1.018906358084128.


Package fontspec Info: 
(fontspec)             Times New Roman/BI scale = 1.


Package fontspec Info: 
(fontspec)             Font family 'TimesNewRoman(1)' created for font 'Times
(fontspec)             New Roman' with options
(fontspec)             [Scale=MatchLowercase,Ligatures=TeX,Scale=1,RawFeature={fallback=mainfontfallback}].
(fontspec)              
(fontspec)              This font family consists of the following NFSS
(fontspec)             series/shapes:
(fontspec)              
(fontspec)             - 'normal' (m/n) with NFSS spec.: <->s*[1]"Times New
(fontspec)             Roman/OT:script=latn;language=dflt;fallback=mainfontfallback;mapping=tex-text;"
(fontspec)             - 'small caps'  (m/sc) with NFSS spec.: <->s*[1]"Times
(fontspec)             New
(fontspec)             Roman/OT:script=latn;language=dflt;fallback=mainfontfallback;+smcp;mapping=tex-text;"
(fontspec)             - 'bold' (b/n) with NFSS spec.: <->s*[1]"Times New
(fontspec)             Roman/B/OT:script=latn;language=dflt;fallback=mainfontfallback;mapping=tex-text;"
(fontspec)             - 'bold small caps'  (b/sc) with NFSS spec.:
(fontspec)             <->s*[1]"Times New
(fontspec)             Roman/B/OT:script=latn;language=dflt;fallback=mainfontfallback;+smcp;mapping=tex-text;"
(fontspec)             - 'italic' (m/it) with NFSS spec.: <->s*[1]"Times New
(fontspec)             Roman/I/OT:script=latn;language=dflt;fallback=mainfontfallback;mapping=tex-text;"
(fontspec)             - 'italic small caps'  (m/scit) with NFSS spec.:
(fontspec)             <->s*[1]"Times New
(fontspec)             Roman/I/OT:script=latn;language=dflt;fallback=mainfontfallback;+smcp;mapping=tex-text;"
(fontspec)             - 'bold italic' (b/it) with NFSS spec.: <->s*[1]"Times
(fontspec)             New
(fontspec)             Roman/BI/OT:script=latn;language=dflt;fallback=mainfontfallback;mapping=tex-text;"
(fontspec)             - 'bold italic small caps'  (b/scit) with NFSS spec.:
(fontspec)             <->s*[1]"Times New
(fontspec)             Roman/BI/OT:script=latn;language=dflt;fallback=mainfontfallback;+smcp;mapping=tex-text;"

LaTeX Font Info:    Font shape `TU/TimesNewRoman(1)/m/n' will be
(Font)              scaled to size 10.0pt on input line 152.
Unknown feature `fallback=mainfontfallback' in font `Times New Roman'.
\c@NumberOfAuthors=\count380
\c@NumberOfSuperscripts=\count381

Class apa7 Warning: Deprecated: see documentation for \authorsaffiliations on input line 175.

\c@NumberOfAffiliations=\count382
(c:/Users/fordefr/AppData/Roaming/TinyTeX/texmf-dist/tex/latex/pbalance/pbalance.sty
Package: pbalance 2022/07/28 v1.4.0 Poor man's balance
(c:/Users/fordefr/AppData/Roaming/TinyTeX/texmf-dist/tex/latex/zref/zref-abspage.sty
Package: zref-abspage 2023-09-14 v2.35 Module abspage for zref (HO)
(c:/Users/fordefr/AppData/Roaming/TinyTeX/texmf-dist/tex/latex/zref/zref-base.sty
Package: zref-base 2023-09-14 v2.35 Module base for zref (HO)
(c:/Users/fordefr/AppData/Roaming/TinyTeX/texmf-dist/tex/generic/etexcmds/etexcmds.sty
Package: etexcmds 2019/12/15 v1.7 Avoid name clashes with e-TeX commands (HO)
) (c:/Users/fordefr/AppData/Roaming/TinyTeX/texmf-dist/tex/latex/auxhook/auxhook.sty
Package: auxhook 2019-12-17 v1.6 Hooks for auxiliary files (HO)
)
Package zref Info: New property list: main on input line 767.
Package zref Info: New property: default on input line 768.
Package zref Info: New property: page on input line 769.
)
\c@abspage=\count383
Package zref Info: New property: abspage on input line 67.
) (c:/Users/fordefr/AppData/Roaming/TinyTeX/texmf-dist/tex/latex/filehook/filehook.sty
Package: filehook 2022/10/25 v0.8b Hooks for input files
(c:/Users/fordefr/AppData/Roaming/TinyTeX/texmf-dist/tex/latex/filehook/filehook-2020.sty
Package: filehook-2020 2022/10/25 v0.8b Hooks for input files
))) (c:/Users/fordefr/AppData/Roaming/TinyTeX/texmf-dist/tex/latex/preprint/balance.sty
Package: balance 1999/02/23 4.3 (PWD)
\oldvsize=\dimen332
)
\@float@every@codelisting=\toks47
\c@codelisting=\count384
(c:/Users/fordefr/AppData/Roaming/TinyTeX/texmf-dist/tex/latex/caption/subcaption.sty
Package: subcaption 2023/07/28 v1.6b Sub-captions (AR)
Package caption Info: New subtype `subfigure' on input line 238.
\c@subfigure=\count385
Package caption Info: New subtype `subtable' on input line 238.
\c@subtable=\count386
) (c:/Users/fordefr/AppData/Roaming/TinyTeX/texmf-dist/tex/latex/sidenotes/sidenotes.sty
Package: sidenotes 2024/09/12 v1.20 Rich text in the margin for LaTeX
(c:/Users/fordefr/AppData/Roaming/TinyTeX/texmf-dist/tex/latex/marginnote/marginnote.sty
Package: marginnote 2018/08/09 1.4b non floating margin notes for LaTeX
\c@mn@abspage=\count387
) (c:/Users/fordefr/AppData/Roaming/TinyTeX/texmf-dist/tex/latex/changepage/changepage.sty
Package: changepage 2009/10/20 v1.0c check page and change page layout
\c@cp@cntr=\count388
\cp@tempcnt=\count389
)
\c@sidenote=\count390
\@sidenotes@marginfigurebox=\box149
\@sidenotes@margintablebox=\box150
)
No file Francis_Masters_Thesis.aux.
\openout1 = `Francis_Masters_Thesis.aux'.

LaTeX Font Info:    Checking defaults for OML/cmm/m/it on input line 335.
LaTeX Font Info:    ... okay on input line 335.
LaTeX Font Info:    Checking defaults for OMS/cmsy/m/n on input line 335.
LaTeX Font Info:    ... okay on input line 335.
LaTeX Font Info:    Checking defaults for OT1/cmr/m/n on input line 335.
LaTeX Font Info:    ... okay on input line 335.
LaTeX Font Info:    Checking defaults for T1/cmr/m/n on input line 335.
LaTeX Font Info:    ... okay on input line 335.
LaTeX Font Info:    Checking defaults for TS1/cmr/m/n on input line 335.
LaTeX Font Info:    ... okay on input line 335.
LaTeX Font Info:    Checking defaults for TU/lmr/m/n on input line 335.
LaTeX Font Info:    ... okay on input line 335.
LaTeX Font Info:    Checking defaults for OMX/cmex/m/n on input line 335.
LaTeX Font Info:    ... okay on input line 335.
LaTeX Font Info:    Checking defaults for U/cmr/m/n on input line 335.
LaTeX Font Info:    ... okay on input line 335.
LaTeX Font Info:    Checking defaults for PD1/pdf/m/n on input line 335.
LaTeX Font Info:    ... okay on input line 335.
LaTeX Font Info:    Checking defaults for PU/pdf/m/n on input line 335.
LaTeX Font Info:    ... okay on input line 335.
*geometry* driver: auto-detecting
*geometry* detected driver: xetex
*geometry* verbose mode - [ preamble ] result:
* driver: xetex
* paper: <default>
* layout: <same size as paper>
* layoutoffset:(h,v)=(0.0pt,0.0pt)
* modes: twoside 
* h-part:(L,W,R)=(72.26999pt, 469.75502pt, 72.26999pt)
* v-part:(T,H,B)=(72.26999pt, 650.43001pt, 72.26999pt)
* \paperwidth=614.295pt
* \paperheight=794.96999pt
* \textwidth=501.55397pt
* \textheight=643.20255pt
* \oddsidemargin=-18.06749pt
* \evensidemargin=-18.06749pt
* \topmargin=-19.8738pt
* \headheight=13.4457pt
* \headsep=13.72546pt
* \topskip=10.0pt
* \footskip=30.0pt
* \marginparwidth=121.0pt
* \marginparsep=11.0pt
* \columnsep=18.06749pt
* \skip\footins=10.0pt plus 5.0pt minus 3.0pt
* \hoffset=0.0pt
* \voffset=0.0pt
* \mag=1000
* \@twocolumnfalse
* \@twosidetrue
* \@mparswitchtrue
* \@reversemarginfalse
* (1in=72.27pt=25.4mm, 1cm=28.453pt)

Package hyperref Info: Link coloring ON on input line 335.
\@outlinefile=\write4
\openout4 = `Francis_Masters_Thesis.out'.


Package hyperref Warning: Rerun to get /PageLabels entry.

(c:/Users/fordefr/AppData/Roaming/TinyTeX/texmf-dist/tex/latex/apa7/config/APA7english.txt
File: APA7english.txt 2020/12/02 v1.02 apa7 configuration for non-American English
)
Package caption Info: Begin \AtBeginDocument code.
Package caption Info: changepage package is loaded.
\caption@adjustwidth@hsize=\dimen333
\caption@adjustwidth@linewidth=\dimen334
Package caption Info: float package is loaded.
Package caption Info: listings package is loaded.
Package caption Info: longtable package is loaded.
(c:/Users/fordefr/AppData/Roaming/TinyTeX/texmf-dist/tex/latex/caption/ltcaption.sty
Package: ltcaption 2021/01/08 v1.4c longtable captions (AR)
)
Package caption Info: End \AtBeginDocument code.

Package babel Info: The following font families will use the default
(babel)             settings for all or some languages:
(babel)             * \sffamily = lmss
(babel)               "[lmsans10-regular]:mapping=tex-text;" at 10.0pt
(babel)             * \ttfamily = lmtt
(babel)               "[lmmono10-regular]:" at 10.0pt
(babel)             There is nothing intrinsically wrong with it, but
(babel)             'babel' will no set Script and Language, which could
(babel)             be relevant in some languages. If your document uses
(babel)             these families, consider redefining them with \babelfont.
(babel)             Reported on input line 335.


Package fontspec Info: 
(fontspec)             Adjusting the maths setup (use [no-math] to avoid
(fontspec)             this).

\symlegacymaths=\mathgroup9
LaTeX Font Info:    Overwriting symbol font `legacymaths' in version `bold'
(Font)                  OT1/cmr/m/n --> OT1/cmr/bx/n on input line 335.
LaTeX Font Info:    Redeclaring math accent \acute on input line 335.
LaTeX Font Info:    Redeclaring math accent \grave on input line 335.
LaTeX Font Info:    Redeclaring math accent \ddot on input line 335.
LaTeX Font Info:    Redeclaring math accent \tilde on input line 335.
LaTeX Font Info:    Redeclaring math accent \bar on input line 335.
LaTeX Font Info:    Redeclaring math accent \breve on input line 335.
LaTeX Font Info:    Redeclaring math accent \check on input line 335.
LaTeX Font Info:    Redeclaring math accent \hat on input line 335.
LaTeX Font Info:    Redeclaring math accent \dot on input line 335.
LaTeX Font Info:    Redeclaring math accent \mathring on input line 335.
LaTeX Font Info:    Redeclaring math symbol \Gamma on input line 335.
LaTeX Font Info:    Redeclaring math symbol \Delta on input line 335.
LaTeX Font Info:    Redeclaring math symbol \Theta on input line 335.
LaTeX Font Info:    Redeclaring math symbol \Lambda on input line 335.
LaTeX Font Info:    Redeclaring math symbol \Xi on input line 335.
LaTeX Font Info:    Redeclaring math symbol \Pi on input line 335.
LaTeX Font Info:    Redeclaring math symbol \Sigma on input line 335.
LaTeX Font Info:    Redeclaring math symbol \Upsilon on input line 335.
LaTeX Font Info:    Redeclaring math symbol \Phi on input line 335.
LaTeX Font Info:    Redeclaring math symbol \Psi on input line 335.
LaTeX Font Info:    Redeclaring math symbol \Omega on input line 335.
LaTeX Font Info:    Redeclaring math symbol \mathdollar on input line 335.
LaTeX Font Info:    Redeclaring symbol font `operators' on input line 335.
LaTeX Font Info:    Encoding `OT1' has changed to `TU' for symbol font
(Font)              `operators' in the math version `normal' on input line 335.
LaTeX Font Info:    Overwriting symbol font `operators' in version `normal'
(Font)                  OT1/cmr/m/n --> TU/TimesNewRoman(0)/m/n on input line 335.
LaTeX Font Info:    Encoding `OT1' has changed to `TU' for symbol font
(Font)              `operators' in the math version `bold' on input line 335.
LaTeX Font Info:    Overwriting symbol font `operators' in version `bold'
(Font)                  OT1/cmr/bx/n --> TU/TimesNewRoman(0)/m/n on input line 335.
LaTeX Font Info:    Overwriting symbol font `operators' in version `normal'
(Font)                  TU/TimesNewRoman(0)/m/n --> TU/TimesNewRoman(0)/m/n on input line 335.
LaTeX Font Info:    Overwriting math alphabet `\mathit' in version `normal'
(Font)                  OT1/cmr/m/it --> TU/TimesNewRoman(0)/m/it on input line 335.
LaTeX Font Info:    Overwriting math alphabet `\mathbf' in version `normal'
(Font)                  OT1/cmr/bx/n --> TU/TimesNewRoman(0)/b/n on input line 335.
LaTeX Font Info:    Overwriting math alphabet `\mathsf' in version `normal'
(Font)                  OT1/cmss/m/n --> TU/lmss/m/n on input line 335.
LaTeX Font Info:    Overwriting math alphabet `\mathtt' in version `normal'
(Font)                  OT1/cmtt/m/n --> TU/lmtt/m/n on input line 335.
LaTeX Font Info:    Overwriting symbol font `operators' in version `bold'
(Font)                  TU/TimesNewRoman(0)/m/n --> TU/TimesNewRoman(0)/b/n on input line 335.
LaTeX Font Info:    Overwriting math alphabet `\mathit' in version `bold'
(Font)                  OT1/cmr/bx/it --> TU/TimesNewRoman(0)/b/it on input line 335.
LaTeX Font Info:    Overwriting math alphabet `\mathsf' in version `bold'
(Font)                  OT1/cmss/bx/n --> TU/lmss/b/n on input line 335.
LaTeX Font Info:    Overwriting math alphabet `\mathtt' in version `bold'
(Font)                  OT1/cmtt/m/n --> TU/lmtt/b/n on input line 335.
\c@lstlisting=\count391
\@sidenotes@extrawidth=\skip109
Unknown feature `fallback=mainfontfallback' in font `Times New Roman'.
Unknown feature `fallback=mainfontfallback' in font `Times New Roman'.
Unknown feature `fallback=mainfontfallback' in font `Times New Roman'.
Unknown feature `fallback=mainfontfallback' in font `Times New Roman Italic'.
Unknown feature `fallback=mainfontfallback' in font `Times New Roman'.
Unknown feature `fallback=mainfontfallback' in font `Times New Roman'.
LaTeX Font Info:    Trying to load font information for U+msa on input line 337.
(c:/Users/fordefr/AppData/Roaming/TinyTeX/texmf-dist/tex/latex/amsfonts/umsa.fd
File: umsa.fd 2013/01/14 v3.01 AMS symbols A
)
LaTeX Font Info:    Trying to load font information for U+msb on input line 337.
(c:/Users/fordefr/AppData/Roaming/TinyTeX/texmf-dist/tex/latex/amsfonts/umsb.fd
File: umsb.fd 2013/01/14 v3.01 AMS symbols B
)
Unknown feature `fallback=mainfontfallback' in font `Times New Roman Bold'.
No file Francis_Masters_Thesis.toc.
\tf@toc=\write5
\openout5 = `Francis_Masters_Thesis.toc'.





[1


]


LaTeX Warning: Citation `ref-bayramoglu_hair_2022' on page 2 undefined on input line 393.


LaTeX Warning: Citation `ref-li_current_2023' on page 2 undefined on input line 394.


LaTeX Warning: Citation `ref-goshen_optogenetic_2014' on page 2 undefined on input line 398.

Unknown feature `fallback=mainfontfallback' in font `Times New Roman Bold Italic'.

LaTeX Warning: Citation `ref-barron_embracing_2015' on page 2 undefined on input line 421.


LaTeX Warning: Reference `fig-figure1' on page 2 undefined on input line 426.


LaTeX Warning: Citation `ref-schacter_memory_1994' on page 2 undefined on input line 428.


LaTeX Warning: Citation `ref-squire_memory_1987' on page 2 undefined on input line 429.


LaTeX Warning: Citation `ref-tulving_episodic_1972' on page 2 undefined on input line 435.


Underfull \vbox (badness 10000) has occurred while \output is active []



[2]

LaTeX Warning: Citation `ref-spence_human_1968' on page 3 undefined on input line 441.


LaTeX Warning: Citation `ref-miller_timescales_2024' on page 3 undefined on input line 445.


LaTeX Warning: Reference `sec-mechanisms' on page 3 undefined on input line 449.


LaTeX Warning: Reference `sec-planaria-as-a-model-organism' on page 3 undefined on input line 462.


LaTeX Warning: Citation `ref-shomrat_automated_2013' on page 3 undefined on input line 467.



Unknown feature `fallback=mainfontfallback' in font `Times New Roman Italic'.
File: Francis_Masters_Thesis_files/figure-pdf/fig-figure1-1.png Graphic file (type bmp)
<Francis_Masters_Thesis_files/figure-pdf/fig-figure1-1.png>


[3]

LaTeX Warning: Citation `ref-panksepp_role_2002' on page 4 undefined on input line 562.


LaTeX Warning: Citation `ref-tan_drugs_2024' on page 4 undefined on input line 563.




LaTeX Warning: Citation `ref-rudy_neurobiology_2014' on page 4 undefined on input line 606.


LaTeX Warning: Citation `ref-asok_molecular_2019' on page 4 undefined on input line 615.


LaTeX Warning: Citation `ref-robins_21st_2023' on page 4 undefined on input line 616.


LaTeX Warning: Citation `ref-semon_mneme_1921' on page 4 undefined on input line 617.


LaTeX Warning: Citation `ref-cavazzini_ca2_2005' on page 4 undefined on input line 620.


LaTeX Warning: Citation `ref-lynch_intracellular_1983' on page 4 undefined on input line 621.


LaTeX Warning: Citation `ref-lynch_ltp_2007' on page 4 undefined on input line 624.



[4]

LaTeX Warning: Citation `ref-chen_changes_2007' on page 5 undefined on input line 635.


LaTeX Warning: Citation `ref-huntley_cadherin_2002' on page 5 undefined on input line 641.


LaTeX Warning: Citation `ref-shettleworth_how_1982' on page 5 undefined on input line 670.


LaTeX Warning: Citation `ref-pravosudov_25the_2007' on page 5 undefined on input line 674.




LaTeX Warning: Citation `ref-ghafarimoghadam_review_2022' on page 5 undefined on input line 678.


LaTeX Warning: Citation `ref-goshen_optogenetic_2014' on page 5 undefined on input line 680.


LaTeX Warning: Citation `ref-kawakami_vivo_2015' on page 5 undefined on input line 681.


LaTeX Warning: Citation `ref-krause_episodic_2022' on page 5 undefined on input line 688.


LaTeX Warning: Citation `ref-eacott_mental_2007' on page 5 undefined on input line 688.


LaTeX Warning: Citation `ref-tulving_episodic_2002' on page 5 undefined on input line 689.


LaTeX Warning: Citation `ref-panoz-brown_rats_2016' on page 5 undefined on input line 694.


LaTeX Warning: Citation `ref-hoerl_thinking_2019' on page 5 undefined on input line 696.


LaTeX Warning: Citation `ref-tulving_episodic_2005' on page 5 undefined on input line 697.


LaTeX Warning: Citation `ref-moroz_aplysia_2011' on page 5 undefined on input line 718.


LaTeX Warning: Citation `ref-carew_classical_1981' on page 5 undefined on input line 724.


LaTeX Warning: Citation `ref-pinsker_habituation_1970' on page 5 undefined on input line 727.


LaTeX Warning: Citation `ref-kandel_principles_2021' on page 5 undefined on input line 734.


Underfull \vbox (badness 2884) has occurred while \output is active []



[5]

LaTeX Warning: Citation `ref-white_structure_1986' on page 6 undefined on input line 739.


LaTeX Warning: Citation `ref-sterling_principles_2015' on page 6 undefined on input line 749.


LaTeX Warning: Citation `ref-cook_whole-animal_2019' on page 6 undefined on input line 760.


LaTeX Warning: Citation `ref-megias_total_2001' on page 6 undefined on input line 761.


LaTeX Warning: Citation `ref-sterling_principles_2015' on page 6 undefined on input line 762.


LaTeX Warning: Reference `fig-Planaria-phenotypes' on page 6 undefined on input line 775.


LaTeX Warning: Citation `ref-karami_planarians_2015' on page 6 undefined on input line 777.


LaTeX Warning: Citation `ref-hagstrom_comparative_2019' on page 6 undefined on input line 778.


LaTeX Warning: Citation `ref-li_effects_2008' on page 6 undefined on input line 779.


LaTeX Warning: Citation `ref-ermakov_planarians_2021' on page 6 undefined on input line 780.


LaTeX Warning: Citation `ref-raffa_planaria_2008' on page 6 undefined on input line 781.


LaTeX Warning: Citation `ref-vista_ssep_mission_11_team_studying_2018' on page 6 undefined on input line 784.


LaTeX Warning: Citation `ref-esser_land_1981' on page 6 undefined on input line 787.


LaTeX Warning: Citation `ref-vasquez-doorman_current_2022' on page 6 undefined on input line 791.


LaTeX Warning: Citation `ref-sluys_planarian_2018' on page 6 undefined on input line 795.


LaTeX Warning: Citation `ref-asano_rhodopsin-like_1998' on page 6 undefined on input line 802.


LaTeX Warning: Citation `ref-shettigar_hierarchies_2017' on page 6 undefined on input line 805.



File: Francis_Masters_Thesis_files/figure-pdf/fig-Planaria-phenotypes-1.png Graphic file (type bmp)
<Francis_Masters_Thesis_files/figure-pdf/fig-Planaria-phenotypes-1.png>

LaTeX Warning: Citation `ref-inoue_planarian_2015' on page 6 undefined on input line 827.


LaTeX Warning: Citation `ref-pagan_first_2014' on page 6 undefined on input line 831.


LaTeX Warning: Citation `ref-sarnat_brain_1985' on page 6 undefined on input line 832.


LaTeX Warning: Citation `ref-best_transphyletic_1983' on page 6 undefined on input line 836.


LaTeX Warning: Citation `ref-agata_structure_1998' on page 6 undefined on input line 839.


LaTeX Warning: Citation `ref-sarnat_brain_1985' on page 6 undefined on input line 840.


LaTeX Warning: Citation `ref-inoue_functional_2017' on page 6 undefined on input line 842.


LaTeX Warning: Reference `fig-Planarian_CNS' on page 6 undefined on input line 847.


LaTeX Warning: Citation `ref-sluys_planarian_2018' on page 6 undefined on input line 849.


LaTeX Warning: Citation `ref-sarnat_brain_1985' on page 6 undefined on input line 853.


LaTeX Warning: Citation `ref-petralia_diversity_2016' on page 6 undefined on input line 855.


LaTeX Warning: Citation `ref-sarnat_brain_1985' on page 6 undefined on input line 856.


LaTeX Warning: Citation `ref-oosaki_observations_1965' on page 6 undefined on input line 861.


LaTeX Warning: Citation `ref-rawls_measurement_2006' on page 6 undefined on input line 865.


LaTeX Warning: Citation `ref-sarnat_brain_1985' on page 6 undefined on input line 866.


LaTeX Warning: Citation `ref-welsh_monoamine-containing_1970' on page 6 undefined on input line 867.


LaTeX Warning: Citation `ref-buttarelli_neuropharmacology_2008' on page 6 undefined on input line 870.



[6]
File: Francis_Masters_Thesis_files/figure-pdf/fig-Planarian_CNS-1.png Graphic file (type bmp)
<Francis_Masters_Thesis_files/figure-pdf/fig-Planarian_CNS-1.png>

LaTeX Warning: Citation `ref-krogh_progress_1929' on page 7 undefined on input line 889.


LaTeX Warning: Citation `ref-neuhof_vertically-_2016' on page 7 undefined on input line 902.


LaTeX Warning: Citation `ref-reddien_fundamentals_2004' on page 7 undefined on input line 903.


LaTeX Warning: Citation `ref-child_patterns_1941' on page 7 undefined on input line 908.


LaTeX Warning: Citation `ref-morgan_experimental_1898' on page 7 undefined on input line 909.


LaTeX Warning: Citation `ref-reddien_cellular_2018' on page 7 undefined on input line 910.


LaTeX Warning: Citation `ref-pio-lopez_morphoceuticals_2023' on page 7 undefined on input line 918.


LaTeX Warning: Citation `ref-saltzman_boston_2023' on page 7 undefined on input line 918.




LaTeX Warning: Citation `ref-rilling_mystery_1996' on page 7 undefined on input line 928.


LaTeX Warning: Citation `ref-mcconnell_manual_1967' on page 7 undefined on input line 935.


LaTeX Warning: Citation `ref-mcconnell_effects_1959' on page 7 undefined on input line 946.


LaTeX Warning: Citation `ref-travis_replicating_1981' on page 7 undefined on input line 950.


LaTeX Warning: Citation `ref-mcconnell_effects_1959' on page 7 undefined on input line 976.


LaTeX Warning: Citation `ref-mcconnell_manual_1967' on page 7 undefined on input line 980.



[7]

LaTeX Warning: Citation `ref-rilling_mystery_1996' on page 8 undefined on input line 986.


LaTeX Warning: Citation `ref-shomrat_automated_2013' on page 8 undefined on input line 988.


LaTeX Warning: Citation `ref-best_protopsychology_1963' on page 8 undefined on input line 992.


LaTeX Warning: Citation `ref-best_protopsychology_1963' on page 8 undefined on input line 996.


Underfull \vbox (badness 10000) has occurred while \output is active []




LaTeX Warning: Citation `ref-samuel_addiction-related_2021' on page 8 undefined on input line 1021.


LaTeX Warning: Citation `ref-shimojo_preservation_2022' on page 8 undefined on input line 1037.


LaTeX Warning: Citation `ref-rhodes_effects_2024' on page 8 undefined on input line 1055.


LaTeX Warning: Citation `ref-paskin_planarian_2014' on page 8 undefined on input line 1060.


Underfull \vbox (badness 2884) has occurred while \output is active []



[8]

LaTeX Warning: Citation `ref-chicas-mosier_new_2015' on page 9 undefined on input line 1083.


LaTeX Warning: Citation `ref-crawford_operant_1967' on page 9 undefined on input line 1084.


LaTeX Warning: Citation `ref-best_behavior_1963' on page 9 undefined on input line 1085.


LaTeX Warning: Citation `ref-raffa_analysis_2008' on page 9 undefined on input line 1088.


LaTeX Warning: Citation `ref-van_oye_over_1920' on page 9 undefined on input line 1089.


LaTeX Warning: Citation `ref-wells_training_1967' on page 9 undefined on input line 1090.


LaTeX Warning: Citation `ref-ash_chemical_1973' on page 9 undefined on input line 1094.


LaTeX Warning: Citation `ref-miyamoto_chemotaxis_1985' on page 9 undefined on input line 1095.


LaTeX Warning: Citation `ref-corning_planarian_1970' on page 9 undefined on input line 1110.


LaTeX Warning: Citation `ref-corning_retention_1966' on page 9 undefined on input line 1115.


Underfull \vbox (badness 1215) has occurred while \output is active []




LaTeX Warning: Citation `ref-read_reinforcing_2021' on page 9 undefined on input line 1139.


LaTeX Warning: Citation `ref-open_science_collaboration_estimating_2015' on page 9 undefined on input line 1182.


LaTeX Warning: Citation `ref-simmons_false-positive_2011' on page 9 undefined on input line 1185.


LaTeX Warning: Citation `ref-gopalakrishna_prevalence_2022' on page 9 undefined on input line 1189.


Underfull \vbox (badness 1215) has occurred while \output is active []



[9]

LaTeX Warning: Citation `ref-algeri_effects_1983' on page 10 undefined on input line 1205.


LaTeX Warning: Citation `ref-buttarelli_neuropharmacology_2008' on page 10 undefined on input line 1207.


LaTeX Warning: Citation `ref-pagan_planarians_2013' on page 10 undefined on input line 1212.


LaTeX Warning: Citation `ref-rawls_first_2010' on page 10 undefined on input line 1213.


LaTeX Warning: Citation `ref-nestler_molecular_2019' on page 10 undefined on input line 1220.


LaTeX Warning: Citation `ref-pierce_mesolimbic_2006' on page 10 undefined on input line 1223.


LaTeX Warning: Citation `ref-galli_sodium-dependent_1995' on page 10 undefined on input line 1226.


LaTeX Warning: Citation `ref-mateo_role_2004' on page 10 undefined on input line 1227.


LaTeX Warning: Citation `ref-freye_pharmacology_2009' on page 10 undefined on input line 1231.


LaTeX Warning: Citation `ref-jacobsen_effects_1997' on page 10 undefined on input line 1232.


LaTeX Warning: Citation `ref-nestler_molecular_2019' on page 10 undefined on input line 1233.


LaTeX Warning: Citation `ref-amaning-kwarteng_relapse_2017' on page 10 undefined on input line 1236.


LaTeX Warning: Citation `ref-needleman_tolerance_1967' on page 10 undefined on input line 1246.


LaTeX Warning: Citation `ref-mohammed_jawad_dissociation_2018' on page 10 undefined on input line 1247.




LaTeX Warning: Citation `ref-chodkiewicz_conceptual_2023' on page 10 undefined on input line 1267.


LaTeX Warning: Citation `ref-amaning-kwarteng_relapse_2017' on page 10 undefined on input line 1281.


LaTeX Warning: Citation `ref-samuel_addiction-related_2021' on page 10 undefined on input line 1282.


LaTeX Warning: Citation `ref-wells_training_1967' on page 10 undefined on input line 1282.


LaTeX Warning: Citation `ref-shomrat_automated_2013' on page 10 undefined on input line 1287.



[10]

LaTeX Warning: Citation `ref-shomrat_automated_2013' on page 11 undefined on input line 1303.


LaTeX Warning: Citation `ref-shomrat_automated_2013' on page 11 undefined on input line 1317.


LaTeX Warning: Citation `ref-de_wit_reinstatement_1981' on page 11 undefined on input line 1326.


LaTeX Warning: Citation `ref-de_wit_reinstatement_1981' on page 11 undefined on input line 1331.


LaTeX Warning: Citation `ref-amaning-kwarteng_relapse_2017' on page 11 undefined on input line 1338.


LaTeX Warning: Citation `ref-amaning-kwarteng_relapse_2017' on page 11 undefined on input line 1360.


LaTeX Warning: Citation `ref-hutchinson_persistent_2015' on page 11 undefined on input line 1361.


LaTeX Warning: Citation `ref-palladini_pharmacological_1996' on page 11 undefined on input line 1362.


LaTeX Warning: Citation `ref-raffa_description_2005' on page 11 undefined on input line 1362.


LaTeX Warning: Citation `ref-tallarida_ethanol_2014' on page 11 undefined on input line 1363.


LaTeX Warning: Citation `ref-hutchinson_persistent_2015' on page 11 undefined on input line 1366.


LaTeX Warning: Citation `ref-raffa_cocaine_2005' on page 11 undefined on input line 1367.




LaTeX Warning: Citation `ref-mueller_use_2002' on page 11 undefined on input line 1371.


LaTeX Warning: Citation `ref-samuel_addiction-related_2021' on page 11 undefined on input line 1372.


LaTeX Warning: Citation `ref-cochet-escartin_scrunching_2015' on page 11 undefined on input line 1376.


LaTeX Warning: Citation `ref-debold_differences_1965' on page 11 undefined on input line 1376.


Package hyperref Warning: Difference (2) between bookmark levels is greater 
(hyperref)                than one, level fixed on input line 1384.



[11]

LaTeX Warning: Reference `fig-Dose_response_apparatus' on page 12 undefined on input line 1446.

File: Francis_Masters_Thesis_files/figure-pdf/fig-Dose_response_apparatus-1.png Graphic file (type bmp)
<Francis_Masters_Thesis_files/figure-pdf/fig-Dose_response_apparatus-1.png>

LaTeX Warning: Reference `fig-boxplot' on page 12 undefined on input line 1479.

File: Francis_Masters_Thesis_files/figure-pdf/fig-boxplot-1.png Graphic file (type bmp)
<Francis_Masters_Thesis_files/figure-pdf/fig-boxplot-1.png>

LaTeX Warning: Reference `fig-boxplot' on page 12 undefined on input line 1510.


LaTeX Warning: Citation `ref-hutchinson_persistent_2015' on page 12 undefined on input line 1520.





[12]

LaTeX Warning: Citation `ref-hutchinson_persistent_2015' on page 13 undefined on input line 1531.


LaTeX Warning: Citation `ref-amaning-kwarteng_relapse_2017' on page 13 undefined on input line 1533.


LaTeX Warning: Citation `ref-hutchinson_persistent_2015' on page 13 undefined on input line 1534.


LaTeX Warning: Reference `fig-ridgeplot' on page 13 undefined on input line 1545.

File: Francis_Masters_Thesis_files/figure-pdf/fig-ridgeplot-1.png Graphic file (type bmp)
<Francis_Masters_Thesis_files/figure-pdf/fig-ridgeplot-1.png>

LaTeX Warning: Citation `ref-samuel_addiction-related_2021' on page 13 undefined on input line 1575.


LaTeX Warning: Citation `ref-shomrat_automated_2013' on page 13 undefined on input line 1576.


Package hyperref Warning: Difference (2) between bookmark levels is greater 
(hyperref)                than one, level fixed on input line 1589.




LaTeX Warning: Reference `fig-exp2_timeline' on page 13 undefined on input line 1621.


LaTeX Warning: Citation `ref-read_reinforcing_2021' on page 13 undefined on input line 1623.


LaTeX Warning: Reference `fig-Ymaze_V1_dimensions' on page 13 undefined on input line 1625.



[13]

LaTeX Warning: Marginpar on page 14 moved.


LaTeX Warning: Reference `fig-exp2_timeline' on page 14 undefined on input line 1660.


Underfull \vbox (badness 2884) has occurred while \output is active []




LaTeX Warning: Reference `fig-Ymaze_V1_dimensions' on page 14 undefined on input line 1693.

File: Francis_Masters_Thesis_files/figure-pdf/fig-exp2_timeline-1.png Graphic file (type bmp)
<Francis_Masters_Thesis_files/figure-pdf/fig-exp2_timeline-1.png>
File: Francis_Masters_Thesis_files/figure-pdf/fig-Ymaze_V1_dimensions-1.png Graphic file (type bmp)
<Francis_Masters_Thesis_files/figure-pdf/fig-Ymaze_V1_dimensions-1.png>


[14]

LaTeX Warning: Reference `fig-exp2decisions' on page 15 undefined on input line 1767.


LaTeX Warning: Citation `ref-bates_fitting_2015' on page 15 undefined on input line 1771.


LaTeX Warning: Citation `ref-lenth_emmeans_2024' on page 15 undefined on input line 1775.


LaTeX Warning: Citation `ref-fox_r_2019' on page 15 undefined on input line 1777.


Underfull \vbox (badness 6978) has occurred while \output is active []




LaTeX Warning: Citation `ref-cohen_statistical_1988' on page 15 undefined on input line 1791.


LaTeX Warning: Citation `ref-cohen_statistical_1988' on page 15 undefined on input line 1797.


LaTeX Warning: Citation `ref-cohen_statistical_1988' on page 15 undefined on input line 1804.



[15]
File: Francis_Masters_Thesis_files/figure-pdf/fig-exp2decisions-1.png Graphic file (type bmp)
<Francis_Masters_Thesis_files/figure-pdf/fig-exp2decisions-1.png>

LaTeX Warning: Reference `fig-exp2decisions' on page 16 undefined on input line 1837.


LaTeX Warning: Reference `fig-exp2decisions' on page 16 undefined on input line 1846.




LaTeX Warning: Reference `fig-exp2decisions' on page 16 undefined on input line 1852.


LaTeX Warning: Reference `fig-decision-time' on page 16 undefined on input line 1872.

File: Francis_Masters_Thesis_files/figure-pdf/fig-decision-time-1.png Graphic file (type bmp)
<Francis_Masters_Thesis_files/figure-pdf/fig-decision-time-1.png>

LaTeX Warning: Citation `ref-bates_fitting_2015' on page 16 undefined on input line 1892.


LaTeX Warning: Citation `ref-fox_r_2019' on page 16 undefined on input line 1897.


LaTeX Warning: Citation `ref-lenth_emmeans_2024' on page 16 undefined on input line 1900.



[16]

LaTeX Warning: Citation `ref-pascual-carreras_planarian_2020' on page 17 undefined on input line 1933.


LaTeX Warning: Citation `ref-thommen_body_2019' on page 17 undefined on input line 1933.


LaTeX Warning: Citation `ref-raffa_quantitative_2001' on page 17 undefined on input line 1936.




LaTeX Warning: Citation `ref-best_maze_1962' on page 17 undefined on input line 1966.


LaTeX Warning: Citation `ref-lee_conditioning_1963' on page 17 undefined on input line 1967.


LaTeX Warning: Citation `ref-desai_monoaminergic_2010' on page 17 undefined on input line 1982.


LaTeX Warning: Citation `ref-kuczenski_hippocampus_1995' on page 17 undefined on input line 1983.


LaTeX Warning: Citation `ref-kusayama_reinforcing_2000' on page 17 undefined on input line 1986.


LaTeX Warning: Citation `ref-raffa_-opioid_2008' on page 17 undefined on input line 1987.


LaTeX Warning: Citation `ref-sacavage_withdrawal-like_2008' on page 17 undefined on input line 1988.


Package hyperref Warning: Difference (2) between bookmark levels is greater 
(hyperref)                than one, level fixed on input line 1991.


LaTeX Warning: Reference `fig-exp3_timeline' on page 17 undefined on input line 2010.



[17]
File: Francis_Masters_Thesis_files/figure-pdf/fig-exp3_timeline-1.png Graphic file (type bmp)
<Francis_Masters_Thesis_files/figure-pdf/fig-exp3_timeline-1.png>



LaTeX Warning: Reference `fig-regeneration-timeline' on page 18 undefined on input line 2069.


LaTeX Warning: Reference `fig-exp3_maze_dimensions' on page 18 undefined on input line 2085.


Underfull \vbox (badness 1215) has occurred while \output is active []



[18]
File: Francis_Masters_Thesis_files/figure-pdf/fig-exp3_maze_dimensions-1.png Graphic file (type bmp)
<Francis_Masters_Thesis_files/figure-pdf/fig-exp3_maze_dimensions-1.png>
File: Francis_Masters_Thesis_files/figure-pdf/fig-regeneration-timeline-1.png Graphic file (type bmp)
<Francis_Masters_Thesis_files/figure-pdf/fig-regeneration-timeline-1.png>

LaTeX Warning: Reference `fig-Exp4_conditioning_results_panel' on page 19 undefined on input line 2143.


LaTeX Warning: Reference `fig-Exp4_conditioning_results_panel' on page 19 undefined on input line 2154.


LaTeX Warning: Reference `fig-Exp4_conditioning_results_panel' on page 19 undefined on input line 2156.



File: Francis_Masters_Thesis_files/figure-pdf/fig-Exp4_conditioning_results_panel-1.png Graphic file (type bmp)
<Francis_Masters_Thesis_files/figure-pdf/fig-Exp4_conditioning_results_panel-1.png>

Underfull \vbox (badness 3000) has occurred while \output is active []



[19]


LaTeX Warning: Reference `fig-Exp4_conditioning_results_panel' on page 20 undefined on input line 2225.


LaTeX Warning: Citation `ref-kusayama_reinforcing_2000' on page 20 undefined on input line 2239.


Package hyperref Warning: Difference (2) between bookmark levels is greater 
(hyperref)                than one, level fixed on input line 2255.


LaTeX Warning: Reference `fig-exp3_timeline' on page 20 undefined on input line 2266.



[20]

LaTeX Warning: Reference `fig-Exp7_conditioning_results_panel' on page 21 undefined on input line 2292.


LaTeX Warning: Citation `ref-bates_fitting_2015' on page 21 undefined on input line 2301.


LaTeX Warning: Citation `ref-lenth_emmeans_2024' on page 21 undefined on input line 2306.


LaTeX Warning: Citation `ref-fox_r_2019' on page 21 undefined on input line 2308.




LaTeX Warning: Reference `fig-Exp7_conditioning_results_panel' on page 21 undefined on input line 2331.


LaTeX Warning: Reference `fig-Exp7_conditioning_results_panel' on page 21 undefined on input line 2342.


LaTeX Warning: Reference `fig-Exp7_conditioning_results_panel' on page 21 undefined on input line 2345.


LaTeX Warning: Reference `fig-Exp4_conditioning_results_panel' on page 21 undefined on input line 2348.

File: Francis_Masters_Thesis_files/figure-pdf/fig-Exp7_conditioning_results_panel-1.png Graphic file (type bmp)
<Francis_Masters_Thesis_files/figure-pdf/fig-Exp7_conditioning_results_panel-1.png>

LaTeX Warning: Reference `fig-exp2decisions' on page 21 undefined on input line 2382.


LaTeX Warning: Reference `fig-Exp4_conditioning_results_panel' on page 21 undefined on input line 2383.


LaTeX Warning: Reference `fig-Exp7_conditioning_results_panel' on page 21 undefined on input line 2384.


LaTeX Warning: Citation `ref-best_maze_1962' on page 21 undefined on input line 2390.



[21]


Package hyperref Warning: Difference (2) between bookmark levels is greater 
(hyperref)                than one, level fixed on input line 2407.


LaTeX Warning: Reference `fig-Exp8_conditioning_results_panel' on page 22 undefined on input line 2444.


LaTeX Warning: Citation `ref-bates_fitting_2015' on page 22 undefined on input line 2453.


LaTeX Warning: Citation `ref-lenth_emmeans_2024' on page 22 undefined on input line 2459.


LaTeX Warning: Citation `ref-fox_r_2019' on page 22 undefined on input line 2460.



[22]

LaTeX Warning: Reference `fig-Exp7_conditioning_results_panel' on page 23 undefined on input line 2477.

File: Francis_Masters_Thesis_files/figure-pdf/fig-Exp8_conditioning_results_panel-1.png Graphic file (type bmp)
<Francis_Masters_Thesis_files/figure-pdf/fig-Exp8_conditioning_results_panel-1.png>



LaTeX Warning: Citation `ref-samuel_addiction-related_2021' on page 23 undefined on input line 2526.


LaTeX Warning: Citation `ref-shomrat_automated_2013' on page 23 undefined on input line 2527.



[23]

LaTeX Warning: Citation `ref-amaning-kwarteng_relapse_2017' on page 24 undefined on input line 2584.


Underfull \vbox (badness 1215) has occurred while \output is active []




LaTeX Warning: Citation `ref-allen_reversibility_1915' on page 24 undefined on input line 2630.


LaTeX Warning: Citation `ref-abbott_conditioning_2008' on page 24 undefined on input line 2652.



[24]

LaTeX Warning: Citation `ref-abbott_conditioning_2008' on page 25 undefined on input line 2658.


LaTeX Warning: Citation `ref-abbott_conditioning_2008' on page 25 undefined on input line 2669.


LaTeX Warning: Citation `ref-cochet-escartin_scrunching_2015' on page 25 undefined on input line 2673.


LaTeX Warning: Citation `ref-debold_differences_1965' on page 25 undefined on input line 2673.


LaTeX Warning: Citation `ref-mueller_use_2002' on page 25 undefined on input line 2674.


LaTeX Warning: Citation `ref-samuel_addiction-related_2021' on page 25 undefined on input line 2675.


LaTeX Warning: Citation `ref-abbott_conditioning_2008' on page 25 undefined on input line 2679.


LaTeX Warning: Citation `ref-hutchinson_persistent_2015' on page 25 undefined on input line 2688.


LaTeX Warning: Citation `ref-jordan_conditioned_2023' on page 25 undefined on input line 2689.


LaTeX Warning: Citation `ref-corning_retention_1966' on page 25 undefined on input line 2691.


LaTeX Warning: Citation `ref-corning_retention_1966' on page 25 undefined on input line 2694.


LaTeX Warning: Citation `ref-corning_retention_1966' on page 25 undefined on input line 2698.


LaTeX Warning: Citation `ref-corning_retention_1966' on page 25 undefined on input line 2701.


Underfull \vbox (badness 2884) has occurred while \output is active []




LaTeX Warning: Citation `ref-read_reinforcing_2021' on page 25 undefined on input line 2706.


LaTeX Warning: Citation `ref-warren_comparative_1965' on page 25 undefined on input line 2722.


LaTeX Warning: Citation `ref-best_maze_1962' on page 25 undefined on input line 2725.


LaTeX Warning: Citation `ref-lee_conditioning_1963' on page 25 undefined on input line 2726.


LaTeX Warning: Citation `ref-crawford_distribution_1966' on page 25 undefined on input line 2730.


LaTeX Warning: Citation `ref-amaning-kwarteng_relapse_2017' on page 25 undefined on input line 2751.


LaTeX Warning: Citation `ref-hutchinson_persistent_2015' on page 25 undefined on input line 2752.


LaTeX Warning: Citation `ref-nayak_benzodiazepine_2016' on page 25 undefined on input line 2753.


LaTeX Warning: Citation `ref-raffa_subadditive_2006' on page 25 undefined on input line 2753.


LaTeX Warning: Citation `ref-sacavage_withdrawal-like_2008' on page 25 undefined on input line 2754.


LaTeX Warning: Citation `ref-turel_planaria_2022' on page 25 undefined on input line 2755.


LaTeX Warning: Citation `ref-raffa_cocaine_2005' on page 25 undefined on input line 2757.


LaTeX Warning: Citation `ref-raffa_description_2005' on page 25 undefined on input line 2758.


LaTeX Warning: Citation `ref-rawls_nitric_2006' on page 25 undefined on input line 2759.


LaTeX Warning: Citation `ref-umeda_cocaine_2004' on page 25 undefined on input line 2760.


LaTeX Warning: Reference `fig-boxplot' on page 25 undefined on input line 2763.


LaTeX Warning: Citation `ref-hutchinson_persistent_2015' on page 25 undefined on input line 2773.


LaTeX Warning: Citation `ref-vouga_stereochemistry_2015' on page 25 undefined on input line 2774.



[25]

LaTeX Warning: Citation `ref-corning_retention_1966' on page 26 undefined on input line 2783.


LaTeX Warning: Citation `ref-mcconnell_effects_1959' on page 26 undefined on input line 2784.


LaTeX Warning: Citation `ref-mueller_use_2002' on page 26 undefined on input line 2785.


LaTeX Warning: Citation `ref-rhodes_effects_2024' on page 26 undefined on input line 2786.


LaTeX Warning: Citation `ref-samuel_addiction-related_2021' on page 26 undefined on input line 2787.


LaTeX Warning: Citation `ref-shimojo_preservation_2022' on page 26 undefined on input line 2788.


LaTeX Warning: Citation `ref-shomrat_automated_2013' on page 26 undefined on input line 2789.


LaTeX Warning: Citation `ref-van_oye_over_1920' on page 26 undefined on input line 2797.


LaTeX Warning: Citation `ref-chicas-mosier_new_2015' on page 26 undefined on input line 2799.


LaTeX Warning: Citation `ref-mueller_use_2002' on page 26 undefined on input line 2821.


LaTeX Warning: Citation `ref-samuel_addiction-related_2021' on page 26 undefined on input line 2822.


LaTeX Warning: Citation `ref-rejo_optimization_2023' on page 26 undefined on input line 2825.


Underfull \vbox (badness 1215) has occurred while \output is active []




LaTeX Warning: Citation `ref-akiyama_spontaneous_2015' on page 26 undefined on input line 2875.


LaTeX Warning: Citation `ref-akiyama_spontaneous_2015' on page 26 undefined on input line 2876.


LaTeX Warning: Citation `ref-akiyama_spontaneous_2015' on page 26 undefined on input line 2889.


Underfull \vbox (badness 2884) has occurred while \output is active []



[26]

LaTeX Warning: Citation `ref-akiyama_spontaneous_2015' on page 27 undefined on input line 2902.


LaTeX Warning: Citation `ref-corning_retention_1966' on page 27 undefined on input line 2923.


LaTeX Warning: Citation `ref-mcconnell_effects_1959' on page 27 undefined on input line 2924.


LaTeX Warning: Citation `ref-rhodes_effects_2024' on page 27 undefined on input line 2925.


LaTeX Warning: Citation `ref-samuel_addiction-related_2021' on page 27 undefined on input line 2926.


LaTeX Warning: Citation `ref-shimojo_preservation_2022' on page 27 undefined on input line 2927.


LaTeX Warning: Citation `ref-shomrat_automated_2013' on page 27 undefined on input line 2928.


LaTeX Warning: Citation `ref-kandel_molecular_2001' on page 27 undefined on input line 2932.


LaTeX Warning: Citation `ref-kandel_molecular_2001' on page 27 undefined on input line 2941.


Underfull \vbox (badness 2884) has occurred while \output is active []




LaTeX Warning: Citation `ref-hebb_organisation_1949' on page 27 undefined on input line 2976.


LaTeX Warning: Citation `ref-han_selective_2009' on page 27 undefined on input line 2981.


LaTeX Warning: Citation `ref-liu_optogenetic_2012' on page 27 undefined on input line 3000.



[27]

LaTeX Warning: Citation `ref-gershman_molecular_2023' on page 28 undefined on input line 3008.


LaTeX Warning: Citation `ref-minerbi_long-term_2009' on page 28 undefined on input line 3009.


LaTeX Warning: Citation `ref-mongillo_intrinsic_2017' on page 28 undefined on input line 3010.


LaTeX Warning: Citation `ref-harris_ultrastructure_2012' on page 28 undefined on input line 3014.


LaTeX Warning: Citation `ref-montero-crespo_three-dimensional_2020' on page 28 undefined on input line 3016.


LaTeX Warning: Citation `ref-gershman_molecular_2023' on page 28 undefined on input line 3023.


LaTeX Warning: Citation `ref-yasumatsu_principles_2008' on page 28 undefined on input line 3035.


LaTeX Warning: Citation `ref-johnson_source_1993' on page 28 undefined on input line 3039.


LaTeX Warning: Citation `ref-gershman_molecular_2023' on page 28 undefined on input line 3053.


Underfull \vbox (badness 1215) has occurred while \output is active []




LaTeX Warning: Citation `ref-hyden_nuclear_1962' on page 28 undefined on input line 3070.


LaTeX Warning: Citation `ref-kandel_cellular_1968' on page 28 undefined on input line 3072.


LaTeX Warning: Citation `ref-mcconnell_comparative_1966' on page 28 undefined on input line 3076.


LaTeX Warning: Citation `ref-jacobson_planarians_1966' on page 28 undefined on input line 3084.


LaTeX Warning: Citation `ref-moore_role_2021' on page 28 undefined on input line 3087.


LaTeX Warning: Citation `ref-byrne_memory_1966' on page 28 undefined on input line 3108.


LaTeX Warning: Citation `ref-squire_memory_1987' on page 28 undefined on input line 3111.


LaTeX Warning: Citation `ref-bedecarrats_rna_2018' on page 28 undefined on input line 3114.


Underfull \vbox (badness 10000) has occurred while \output is active []



[28]

LaTeX Warning: Citation `ref-ungar_isolation_1972' on page 29 undefined on input line 3134.


LaTeX Warning: Citation `ref-ungar_chemical_1968' on page 29 undefined on input line 3135.


LaTeX Warning: Citation `ref-misslin_non-reproducibility_1978' on page 29 undefined on input line 3140.


LaTeX Warning: Citation `ref-goldstein_unsuccessful_1971' on page 29 undefined on input line 3142.


LaTeX Warning: Citation `ref-pardridge_neuropeptides_1983' on page 29 undefined on input line 3148.


LaTeX Warning: Citation `ref-rose_making_1993' on page 29 undefined on input line 3152.


Underfull \vbox (badness 2884) has occurred while \output is active []




LaTeX Warning: Citation `ref-gelber_investigations_1952' on page 29 undefined on input line 3167.


LaTeX Warning: Citation `ref-boisseau_habituation_2016' on page 29 undefined on input line 3174.


LaTeX Warning: Citation `ref-bronfman_epigenetics_2016' on page 29 undefined on input line 3190.


LaTeX Warning: Citation `ref-han_effect_2010' on page 29 undefined on input line 3198.


LaTeX Warning: Citation `ref-heyward_dna_2015' on page 29 undefined on input line 3199.


LaTeX Warning: Citation `ref-bronfman_epigenetics_2016' on page 29 undefined on input line 3205.


LaTeX Warning: Citation `ref-levenson_regulation_2004' on page 29 undefined on input line 3208.



[29]

LaTeX Warning: Citation `ref-kveim_divergent_2024' on page 30 undefined on input line 3264.


LaTeX Warning: Citation `ref-kerr_experience-dependent_2011' on page 30 undefined on input line 3278.


Underfull \vbox (badness 1215) has occurred while \output is active []




LaTeX Warning: Citation `ref-han_clinical_2017' on page 30 undefined on input line 3285.


LaTeX Warning: Citation `ref-paris_stroke_2007' on page 30 undefined on input line 3285.


LaTeX Warning: Citation `ref-mazzawi_kinetics_2018' on page 30 undefined on input line 3295.


LaTeX Warning: Citation `ref-moore_role_2021' on page 30 undefined on input line 3298.


LaTeX Warning: Citation `ref-cochet-escartin_scrunching_2015' on page 30 undefined on input line 3316.


LaTeX Warning: Citation `ref-debold_differences_1965' on page 30 undefined on input line 3316.


LaTeX Warning: Citation `ref-mueller_use_2002' on page 30 undefined on input line 3317.


LaTeX Warning: Citation `ref-rejo_optimization_2023' on page 30 undefined on input line 3318.


LaTeX Warning: Citation `ref-samuel_addiction-related_2021' on page 30 undefined on input line 3319.



[30]

LaTeX Warning: Citation `ref-felix_it_2019' on page 31 undefined on input line 3377.


LaTeX Warning: Citation `ref-lewallen_metabolic_2020' on page 31 undefined on input line 3378.


LaTeX Warning: Citation `ref-vu_stem_2015' on page 31 undefined on input line 3378.


Underfull \vbox (badness 1215) has occurred while \output is active []




LaTeX Warning: Citation `ref-pagan_planarians_2013' on page 31 undefined on input line 3385.


LaTeX Warning: Citation `ref-okamoto_neural_2005' on page 31 undefined on input line 3403.


LaTeX Warning: Citation `ref-morgan_experimental_1898' on page 31 undefined on input line 3413.


LaTeX Warning: Citation `ref-montgomery_minimal_1974' on page 31 undefined on input line 3416.



[31]

LaTeX Warning: Citation `ref-nicolas_analysis_2008' on page 32 undefined on input line 3496.


LaTeX Warning: Citation `ref-corning_planarian_1970' on page 32 undefined on input line 3500.


LaTeX Warning: Citation `ref-van_oye_over_1920' on page 32 undefined on input line 3501.


Underfull \vbox (badness 1215) has occurred while \output is active []





[32]
Underfull \vbox (badness 10000) has occurred while \output is active []




Underfull \vbox (badness 10000) has occurred while \output is active []



[33]
Underfull \vbox (badness 10000) has occurred while \output is active []




Underfull \vbox (badness 10000) has occurred while \output is active []



[34]
Underfull \vbox (badness 10000) has occurred while \output is active []




Underfull \vbox (badness 10000) has occurred while \output is active []



[35]
Overfull \hbox (5.94719pt too wide) in paragraph at lines 3983--3987
\TU/TimesNewRoman(0)/m/n/10 calscience.mhmedical.com/content.aspx?aid=1180370208[][] 
 []


Underfull \vbox (badness 10000) has occurred while \output is active []




Underfull \vbox (badness 10000) has occurred while \output is active []



[36]
Underfull \vbox (badness 10000) has occurred while \output is active []




Underfull \vbox (badness 10000) has occurred while \output is active []



[37]
Underfull \vbox (badness 10000) has occurred while \output is active []




Underfull \vbox (badness 10000) has occurred while \output is active []



[38]
Underfull \vbox (badness 10000) has occurred while \output is active []




Overfull \hbox (43.7968pt too wide) in paragraph at lines 4469--4472
$[][][][][][][][][][][][][][][][][][][][][][][][][][][][][][][][][][][][][][][][][][][][][][][][][][][][][][][][][][][][][][][][][][][][][][][][][]$[][] 
 []


Underfull \vbox (badness 10000) has occurred while \output is active []



[39]
Underfull \vbox (badness 10000) has occurred while \output is active []




LaTeX Warning: Citation `ref-le_planarian_2021' on page 40 undefined on input line 4686.



[40]

LaTeX Warning: Citation `ref-hirst_long-term_2009' on page 41 undefined on input line 4703.


LaTeX Warning: Citation `ref-lacy_neuroscience_2013' on page 41 undefined on input line 4704.


LaTeX Warning: Citation `ref-yasumatsu_principles_2008' on page 41 undefined on input line 4711.


LaTeX Warning: Citation `ref-gelber_investigations_1952' on page 41 undefined on input line 4717.


LaTeX Warning: Citation `ref-gershman_reconsidering_2021' on page 41 undefined on input line 4728.


LaTeX Warning: Citation `ref-armus_discrimination_2006' on page 41 undefined on input line 4734.


LaTeX Warning: Citation `ref-armus_discrimination_2006' on page 41 undefined on input line 4740.




LaTeX Warning: Citation `ref-boisseau_habituation_2016' on page 41 undefined on input line 4754.


LaTeX Warning: Citation `ref-han_selective_2009' on page 41 undefined on input line 4787.



[41]

LaTeX Warning: Citation `ref-clemens_keep_2009' on page 42 undefined on input line 4810.


LaTeX Warning: Citation `ref-millesi_hibernation_2001' on page 42 undefined on input line 4811.


LaTeX Warning: Citation `ref-alloway_retention_1972' on page 42 undefined on input line 4814.


LaTeX Warning: Citation `ref-blackiston_retention_2008' on page 42 undefined on input line 4815.


LaTeX Warning: Citation `ref-shomrat_automated_2013' on page 42 undefined on input line 4820.





- LAST -
Extra skip:0.0pt
Left:214.0pt/2.15819pt
Right:214.0pt/0.0pt
Split: 215.0pt
Output:215.0pt
Pageshrink: 0.0pt
Pagestretch: 0.0pt
@colht:643.20255pt
FLUSHEND [output]: 215.0pt
FLUSHEND [leftcolumn badness]: 12
FUSHEND [rightcolumn badness]: 100
[42] (./Francis_Masters_Thesis.aux
! Missing \endcsname inserted.
<to be read again> 
                   \protect 
l.119 ...ig-Planarian\_CNS}}}{figure.caption.9}{}}
                                                  
The control sequence marked <to be read again> should
not appear between \csname and \endcsname.

 
Here is how much of TeX's memory you used:
 35429 strings out of 472221
 748262 string characters out of 5526261
 1231253 words of memory out of 5000000
 61319 multiletter control sequences out of 15000+600000
 634919 words of font info for 95 fonts, out of 8000000 for 9000
 36 hyphenation exceptions out of 8191
 99i,12n,116p,913b,439s stack positions out of 10000i,1000n,20000p,200000b,200000s
Output written on Francis_Masters_Thesis.pdf (42 pages).
