\BOOKMARK [1][-]{section*.3}{\376\377\000I\000n\000t\000r\000o\000d\000u\000c\000t\000i\000o\000n}{}% 1
\BOOKMARK [1][-]{section*.4}{\376\377\000A\000c\000k\000n\000o\000w\000l\000e\000d\000g\000e\000m\000e\000n\000t\000s}{}% 2
\BOOKMARK [1][-]{section*.6}{\376\377\000T\000a\000b\000l\000e\000\040\000o\000f\000\040\000C\000o\000n\000t\000e\000n\000t\000s}{}% 3
\BOOKMARK [1][-]{section.1}{\376\377\000I\000n\000t\000r\000o\000d\000u\000c\000t\000i\000o\000n}{}% 4
\BOOKMARK [2][-]{subsection.1.1}{\376\377\000O\000v\000e\000r\000v\000i\000e\000w\000\040\000o\000f\000\040\000K\000e\000y\000\040\000C\000o\000n\000c\000e\000p\000t\000s\000\040\000i\000n\000\040\000t\000h\000e\000\040\000F\000i\000e\000l\000d\000\040\000o\000f\000\040\000L\000e\000a\000r\000n\000i\000n\000g\000\040\000a\000n\000d\000\040\000M\000e\000m\000o\000r\000y}{section.1}% 5
\BOOKMARK [3][-]{subsubsection.1.1.1}{\376\377\000C\000a\000t\000e\000g\000o\000r\000i\000e\000s\000\040\000o\000f\000\040\000M\000e\000m\000o\000r\000y}{subsection.1.1}% 6
\BOOKMARK [3][-]{subsubsection.1.1.2}{\376\377\000A\000s\000s\000o\000c\000i\000a\000t\000i\000v\000e\000\040\000a\000n\000d\000\040\000N\000o\000n\000-\000a\000s\000s\000o\000c\000i\000a\000t\000i\000v\000e\000\040\000L\000e\000a\000r\000n\000i\000n\000g}{subsection.1.1}% 7
\BOOKMARK [3][-]{subsubsection.1.1.3}{\376\377\000M\000a\000l\000a\000d\000a\000p\000t\000i\000v\000e\000\040\000L\000e\000a\000r\000n\000i\000n\000g}{subsection.1.1}% 8
\BOOKMARK [2][-]{subsection.1.2}{\376\377\000M\000e\000c\000h\000a\000n\000i\000s\000m\000s\000\040\000o\000f\000\040\000M\000e\000m\000o\000r\000y\000\040\000S\000t\000o\000r\000a\000g\000e}{section.1}% 9
\BOOKMARK [2][-]{subsection.1.3}{\376\377\000M\000e\000m\000o\000r\000y\000\040\000R\000e\000s\000e\000a\000r\000c\000h\000\040\000i\000n\000\040\000A\000n\000i\000m\000a\000l\000s\000\040\000a\000n\000d\000\040\000I\000n\000v\000e\000r\000t\000e\000b\000r\000a\000t\000e\000s}{section.1}% 10
\BOOKMARK [3][-]{subsubsection.1.3.1}{\376\377\000P\000l\000a\000n\000a\000r\000i\000a\000\040\000a\000s\000\040\000a\000\040\000M\000o\000d\000e\000l\000\040\000O\000r\000g\000a\000n\000i\000s\000m}{subsection.1.3}% 11
\BOOKMARK [3][-]{subsubsection.1.3.2}{\376\377\000R\000e\000v\000i\000e\000w\000\040\000o\000f\000\040\000t\000h\000e\000\040\000P\000l\000a\000n\000a\000r\000i\000a\000n\000\040\000M\000e\000m\000o\000r\000y\000\040\000L\000i\000t\000e\000r\000a\000t\000u\000r\000e}{subsection.1.3}% 12
\BOOKMARK [3][-]{subsubsection.1.3.3}{\376\377\000P\000o\000s\000i\000t\000i\000v\000e\000\040\000R\000e\000i\000n\000f\000o\000r\000c\000e\000m\000e\000n\000t\000\040\000o\000f\000\040\000P\000l\000a\000n\000a\000r\000i\000a\000n\000\040\000B\000e\000h\000a\000v\000i\000o\000u\000r}{subsection.1.3}% 13
\BOOKMARK [2][-]{subsection.1.4}{\376\377\000U\000n\000r\000e\000s\000o\000l\000v\000e\000d\000\040\000Q\000u\000e\000s\000t\000i\000o\000n\000s}{section.1}% 14
\BOOKMARK [1][-]{section.2}{\376\377\000E\000x\000p\000e\000r\000i\000m\000e\000n\000t\000\040\0001}{}% 15
\BOOKMARK [2][-]{subsubsection.2.0.1}{\376\377\000C\000o\000l\000o\000n\000y\000\040\000M\000a\000i\000n\000t\000e\000n\000a\000n\000c\000e\000\040\000a\000n\000d\000\040\000H\000a\000n\000d\000l\000i\000n\000g}{section.2}% 16
\BOOKMARK [3][-]{subsubsection.2.0.2}{\376\377\000M\000a\000t\000e\000r\000i\000a\000l\000s\000\040\000a\000n\000d\000\040\000P\000r\000o\000c\000e\000d\000u\000r\000e}{subsubsection.2.0.1}% 17
\BOOKMARK [3][-]{subsubsection.2.0.3}{\376\377\000R\000e\000s\000u\000l\000t\000s\000\040\000a\000n\000d\000\040\000D\000i\000s\000c\000u\000s\000s\000i\000o\000n}{subsubsection.2.0.1}% 18
\BOOKMARK [1][-]{section.3}{\376\377\000E\000x\000p\000e\000r\000i\000m\000e\000n\000t\000\040\0002}{}% 19
\BOOKMARK [2][-]{subsubsection.3.0.1}{\376\377\000C\000o\000l\000o\000n\000y\000\040\000M\000a\000i\000n\000t\000e\000n\000a\000n\000c\000e\000\040\000a\000n\000d\000\040\000H\000a\000n\000d\000l\000i\000n\000g}{section.3}% 20
\BOOKMARK [3][-]{subsubsection.3.0.2}{\376\377\000M\000a\000t\000e\000r\000i\000a\000l\000s\000\040\000a\000n\000d\000\040\000P\000r\000o\000c\000e\000d\000u\000r\000e}{subsubsection.3.0.1}% 21
\BOOKMARK [3][-]{subsubsection.3.0.3}{\376\377\000R\000e\000s\000u\000l\000t\000s\000\040\000a\000n\000d\000\040\000D\000i\000s\000c\000u\000s\000s\000i\000o\000n}{subsubsection.3.0.1}% 22
\BOOKMARK [1][-]{section.4}{\376\377\000E\000x\000p\000e\000r\000i\000m\000e\000n\000t\000\040\0003}{}% 23
\BOOKMARK [2][-]{subsubsection.4.0.1}{\376\377\000C\000o\000l\000o\000n\000y\000\040\000M\000a\000i\000n\000t\000e\000n\000a\000n\000c\000e\000\040\000a\000n\000d\000\040\000H\000a\000n\000d\000l\000i\000n\000g}{section.4}% 24
\BOOKMARK [3][-]{subsubsection.4.0.2}{\376\377\000M\000a\000t\000e\000r\000i\000a\000l\000s\000\040\000a\000n\000d\000\040\000P\000r\000o\000c\000e\000d\000u\000r\000e}{subsubsection.4.0.1}% 25
\BOOKMARK [3][-]{subsubsection.4.0.3}{\376\377\000R\000e\000s\000u\000l\000t\000s\000\040\000a\000n\000d\000\040\000D\000i\000s\000c\000u\000s\000s\000i\000o\000n}{subsubsection.4.0.1}% 26
\BOOKMARK [1][-]{section.5}{\376\377\000E\000x\000p\000e\000r\000i\000m\000e\000n\000t\000\040\0004}{}% 27
\BOOKMARK [2][-]{subsubsection.5.0.1}{\376\377\000C\000o\000l\000o\000n\000y\000\040\000M\000a\000i\000n\000t\000e\000n\000a\000n\000c\000e\000\040\000a\000n\000d\000\040\000H\000a\000n\000d\000l\000i\000n\000g}{section.5}% 28
\BOOKMARK [3][-]{subsubsection.5.0.2}{\376\377\000M\000a\000t\000e\000r\000i\000a\000l\000s\000\040\000a\000n\000d\000\040\000M\000e\000t\000h\000o\000d\000s}{subsubsection.5.0.1}% 29
\BOOKMARK [3][-]{subsubsection.5.0.3}{\376\377\000R\000e\000s\000u\000l\000t\000s\000\040\000a\000n\000d\000\040\000D\000i\000s\000c\000u\000s\000s\000i\000o\000n}{subsubsection.5.0.1}% 30
\BOOKMARK [1][-]{section.6}{\376\377\000E\000x\000p\000e\000r\000i\000m\000e\000n\000t\000\040\0005}{}% 31
\BOOKMARK [2][-]{subsubsection.6.0.1}{\376\377\000C\000o\000l\000o\000n\000y\000\040\000M\000a\000i\000n\000t\000e\000n\000a\000n\000c\000e\000\040\000a\000n\000d\000\040\000H\000a\000n\000d\000l\000i\000n\000g}{section.6}% 32
\BOOKMARK [3][-]{subsubsection.6.0.2}{\376\377\000M\000a\000t\000e\000r\000i\000a\000l\000s\000\040\000a\000n\000d\000\040\000P\000r\000o\000c\000e\000d\000u\000r\000e}{subsubsection.6.0.1}% 33
\BOOKMARK [3][-]{subsubsection.6.0.3}{\376\377\000R\000e\000s\000u\000l\000t\000s\000\040\000a\000n\000d\000\040\000D\000i\000s\000c\000u\000s\000s\000i\000o\000n}{subsubsection.6.0.1}% 34
\BOOKMARK [1][-]{section.7}{\376\377\000D\000i\000s\000c\000u\000s\000s\000i\000o\000n}{}% 35
\BOOKMARK [2][-]{subsection.7.1}{\376\377\000R\000e\000v\000i\000e\000w\000\040\000o\000f\000\040\000F\000i\000n\000d\000i\000n\000g\000s}{section.7}% 36
\BOOKMARK [2][-]{subsection.7.2}{\376\377\000C\000h\000a\000l\000l\000e\000n\000g\000i\000n\000g\000\040\000P\000r\000e\000v\000a\000i\000l\000i\000n\000g\000\040\000T\000h\000e\000o\000r\000y\000\040\000-\000\040\000I\000s\000\040\000H\000e\000b\000b\000i\000a\000n\000\040\000l\000e\000a\000r\000n\000i\000n\000g\000\040\000t\000h\000e\000\040\000O\000n\000l\000y\000\040\000G\000a\000m\000e\000\040\000i\000n\000\040\000T\000o\000w\000n\000?}{section.7}% 37
\BOOKMARK [2][-]{subsection.7.3}{\376\377\000L\000i\000m\000i\000t\000a\000t\000i\000o\000n\000s}{section.7}% 38
\BOOKMARK [2][-]{subsection.7.4}{\376\377\000S\000u\000m\000m\000a\000r\000y\000\040\000a\000n\000d\000\040\000F\000u\000t\000u\000r\000e\000\040\000D\000i\000r\000e\000c\000t\000i\000o\000n\000s}{section.7}% 39
\BOOKMARK [1][-]{section.8}{\376\377\000R\000e\000f\000e\000r\000e\000n\000c\000e\000s}{}% 40
\BOOKMARK [2][-]{subsection.8.1}{\376\377\000G\000r\000a\000v\000e\000y\000a\000r\000d}{section.8}% 41
\BOOKMARK [2][-]{subsection.8.2}{\376\377\000T\000e\000n\000s\000i\000o\000n\000s\000\040\000b\000e\000t\000w\000e\000e\000n\000\040\000f\000i\000n\000d\000i\000n\000g\000s\000\040\000a\000m\000o\000n\000g\000\040\000t\000h\000e\000\040\000r\000o\000d\000e\000n\000t\000\040\000a\000n\000d\000\040\000i\000n\000v\000e\000r\000t\000e\000b\000r\000a\000t\000e\000\040\000l\000i\000t\000e\000r\000a\000t\000u\000r\000e}{section.8}% 42
